2025-11-12 14:09:18,455      INFO      __main__                                Starting pipeline...
2025-11-12 14:09:18,456      INFO      __main__                                Validating folder structure...
2025-11-12 14:09:18,457      INFO      pipeline.utils.main_functions           Folder structure validated.
2025-11-12 14:09:18,457      INFO      __main__                                Setting configuration parameters...
2025-11-12 14:09:18,457      INFO      __main__                                Initializing BigQuery client...
2025-11-12 14:09:18,731      INFO      __main__                                BigQuery client initialized.
2025-11-12 14:09:18,840      INFO      __main__                                Starting data pull...
2025-11-12 14:09:19,470      INFO      pipeline.utils.staging                  Running pull_from_bq...
2025-11-12 14:09:21,042      INFO      pipeline.utils.pull_functions           No new tables to process.
2025-11-12 14:09:21,042      INFO      pipeline.utils.pull_functions           Merging data...
2025-11-12 14:09:24,264      INFO      pipeline.utils.staging                  pull_from_bq done.
2025-11-12 14:09:24,264      INFO      pipeline.utils.staging                  Running flatten_dataframe...
2025-11-12 14:09:27,704      INFO      pipeline.utils.staging                  flatten_dataframe done.
2025-11-12 14:09:27,704      INFO      pipeline.utils.staging                  Running dots_to_underscores...
2025-11-12 14:09:27,726      INFO      pipeline.utils.cleaning_functions       Column names updated to use '__' instead of '.' successfully.
2025-11-12 14:09:27,727      INFO      pipeline.utils.staging                  dots_to_underscores done.
2025-11-12 14:09:27,727      INFO      pipeline.utils.staging                  Running transform_datetime_fields...
2025-11-12 14:09:27,915      INFO      pipeline.utils.time_and_date_functions  Date/time cleanup and transformation complete.
2025-11-12 14:09:27,919      INFO      pipeline.utils.staging                  transform_datetime_fields done.
2025-11-12 14:09:27,919      INFO      pipeline.utils.staging                  Running add_time_based_features...
2025-11-12 14:09:27,955      INFO      pipeline.utils.time_and_date_functions  Time-based features added successfully.
2025-11-12 14:09:27,955      INFO      pipeline.utils.staging                  add_time_based_features done.
2025-11-12 14:09:27,955      INFO      pipeline.utils.staging                  Running add_durations...
2025-11-12 14:09:28,717      INFO      pipeline.utils.time_and_date_functions  Session IDs assigned and durations calculated for 368 unique sessions.
2025-11-12 14:09:28,750      INFO      pipeline.utils.time_and_date_functions  Event durations within sessions calculated successfully.
2025-11-12 14:09:28,754      INFO      pipeline.utils.staging                  add_durations done.
2025-11-12 14:09:28,754      INFO      pipeline.utils.staging                  Running forward_fill_progress...
2025-11-12 14:09:28,804      INFO      pipeline.utils.feature_engineering      Character names, tiers, and question indices forward-filled for 368 unique sessions.
2025-11-12 14:09:28,811      INFO      pipeline.utils.staging                  forward_fill_progress done.
2025-11-12 14:09:28,811      INFO      pipeline.utils.staging                  Running question_index_cleanup...
2025-11-12 14:09:28,853      INFO      pipeline.utils.cleaning_functions       Question index cleaned up for 18493 rows.
2025-11-12 14:09:28,853      INFO      pipeline.utils.staging                  question_index_cleanup done.
2025-11-12 14:09:28,854      INFO      pipeline.utils.staging                  Running question_cumulative_qi...
2025-11-12 14:09:28,871      INFO      pipeline.utils.feature_engineering      Cumulative question index calculated for 18493 rows.
2025-11-12 14:09:28,872      INFO      pipeline.utils.staging                  question_cumulative_qi done.
2025-11-12 14:09:28,872      INFO      pipeline.utils.staging                  Running mini_game_features...
2025-11-12 14:09:28,886      INFO      pipeline.utils.feature_engineering      Extracted maze hand data for 73 rows.
2025-11-12 14:09:28,886      INFO      pipeline.utils.staging                  mini_game_features done.
2025-11-12 14:09:28,886      INFO      pipeline.utils.staging                  Running mini_game_reward_split...
2025-11-12 14:09:28,898      INFO      pipeline.utils.feature_engineering      Extracted buff data for 76 rows.
2025-11-12 14:09:28,898      INFO      pipeline.utils.staging                  mini_game_reward_split done.
2025-11-12 14:09:28,898      INFO      pipeline.utils.staging                  Running mini_game_buffs...
2025-11-12 14:09:28,904      INFO      pipeline.utils.feature_engineering      Extracted earned buff data for 77 rows.
2025-11-12 14:09:28,904      INFO      pipeline.utils.staging                  mini_game_buffs done.
2025-11-12 14:09:28,904      INFO      pipeline.utils.staging                  Running mini_game_dolls...
2025-11-12 14:09:28,911      INFO      pipeline.utils.feature_engineering      Extracted doll data for 23 rows.
2025-11-12 14:09:28,912      INFO      pipeline.utils.staging                  mini_game_dolls done.
2025-11-12 14:09:28,912      INFO      pipeline.utils.staging                  Running currency_define_permanent...
2025-11-12 14:09:28,919      INFO      pipeline.utils.feature_engineering      Extracted permanent shop item data for 42 rows.
2025-11-12 14:09:28,920      INFO      pipeline.utils.staging                  currency_define_permanent done.
2025-11-12 14:09:28,920      INFO      pipeline.utils.staging                  Running currency_define_consumable...
2025-11-12 14:09:28,928      INFO      pipeline.utils.feature_engineering      Extracted consumable shop item data for 209 rows.
2025-11-12 14:09:28,928      INFO      pipeline.utils.staging                  currency_define_consumable done.
2025-11-12 14:09:28,928      INFO      pipeline.utils.staging                  Running currency_define_board...
2025-11-12 14:09:28,932      INFO      pipeline.utils.feature_engineering      Extracted board item data for 83 rows.
2025-11-12 14:09:28,932      INFO      pipeline.utils.staging                  currency_define_board done.
2025-11-12 14:09:28,932      INFO      pipeline.utils.staging                  Running currency_define_keys...
2025-11-12 14:09:28,934      INFO      pipeline.utils.feature_engineering      Defined keys in spent_to for 6 rows.
2025-11-12 14:09:28,934      INFO      pipeline.utils.staging                  currency_define_keys done.
2025-11-12 14:09:28,935      INFO      pipeline.utils.staging                  Running apply_value_maps...
2025-11-12 14:09:28,995      WARNING   pipeline.utils.cleaning_functions       'event_params__ad_shown_where' not found in DataFrame.
2025-11-12 14:09:29,009      INFO      pipeline.utils.staging                  apply_value_maps done.
2025-11-12 14:09:29,010      INFO      pipeline.utils.staging                  Running question_addressable_index...
2025-11-12 14:09:29,028      INFO      pipeline.utils.feature_engineering      Question address created for 18493 rows.
2025-11-12 14:09:29,028      INFO      pipeline.utils.staging                  question_addressable_index done.
2025-11-12 14:09:29,029      INFO      pipeline.utils.staging                  Running question_answer_wrong_zeros...
2025-11-12 14:09:29,031      INFO      pipeline.utils.feature_engineering      Filled NaN values in 'event_params__answered_wrong' with 0 for 'Question Completed' events.
2025-11-12 14:09:29,031      INFO      pipeline.utils.staging                  question_answer_wrong_zeros done.
2025-11-12 14:09:29,031      INFO      __main__                                Data pipeline executed successfully.
2025-11-12 14:09:29,031      INFO      __main__                                Generating dataframes...
2025-11-12 14:09:29,721      INFO      pipeline.utils.split_functions          Session-level dataframe created with 369 records and 24 columns.
2025-11-12 14:09:29,776      INFO      pipeline.utils.split_functions          User-level dataframe created with 71 records and 15 columns.
2025-11-12 14:09:29,799      INFO      pipeline.utils.split_functions          Question-level dataframe created with 1166 records and 12 columns.
2025-11-12 14:09:29,807      INFO      pipeline.utils.split_functions          Ad-level dataframe created with 1 records and 5 columns.
2025-11-12 14:09:29,868      INFO      pipeline.utils.split_functions          Date-level dataframe created with 46 records and 12 columns.
2025-11-12 14:11:07,411      INFO      __main__                                Starting pipeline...
2025-11-12 14:11:07,411      INFO      __main__                                Validating folder structure...
2025-11-12 14:11:07,412      INFO      pipeline.utils.main_functions           Folder structure validated.
2025-11-12 14:11:07,412      INFO      __main__                                Setting configuration parameters...
2025-11-12 14:11:07,412      INFO      __main__                                Initializing BigQuery client...
2025-11-12 14:11:07,457      INFO      __main__                                BigQuery client initialized.
2025-11-12 14:11:07,459      INFO      __main__                                Starting data pull...
2025-11-12 14:11:07,492      INFO      pipeline.utils.staging                  Running pull_from_bq...
2025-11-12 14:11:08,958      INFO      pipeline.utils.pull_functions           No new tables to process.
2025-11-12 14:11:08,959      INFO      pipeline.utils.pull_functions           Merging data...
2025-11-12 14:11:10,154      INFO      pipeline.utils.staging                  pull_from_bq done.
2025-11-12 14:11:10,154      INFO      pipeline.utils.staging                  Running flatten_dataframe...
2025-11-12 14:11:13,575      INFO      pipeline.utils.staging                  flatten_dataframe done.
2025-11-12 14:11:13,575      INFO      pipeline.utils.staging                  Running dots_to_underscores...
2025-11-12 14:11:13,576      INFO      pipeline.utils.cleaning_functions       Column names updated to use '__' instead of '.' successfully.
2025-11-12 14:11:13,576      INFO      pipeline.utils.staging                  dots_to_underscores done.
2025-11-12 14:11:13,576      INFO      pipeline.utils.staging                  Running transform_datetime_fields...
2025-11-12 14:11:13,640      INFO      pipeline.utils.time_and_date_functions  Date/time cleanup and transformation complete.
2025-11-12 14:11:13,644      INFO      pipeline.utils.staging                  transform_datetime_fields done.
2025-11-12 14:11:13,644      INFO      pipeline.utils.staging                  Running add_time_based_features...
2025-11-12 14:11:13,670      INFO      pipeline.utils.time_and_date_functions  Time-based features added successfully.
2025-11-12 14:11:13,670      INFO      pipeline.utils.staging                  add_time_based_features done.
2025-11-12 14:11:13,670      INFO      pipeline.utils.staging                  Running add_durations...
2025-11-12 14:11:14,321      INFO      pipeline.utils.time_and_date_functions  Session IDs assigned and durations calculated for 368 unique sessions.
2025-11-12 14:11:14,354      INFO      pipeline.utils.time_and_date_functions  Event durations within sessions calculated successfully.
2025-11-12 14:11:14,358      INFO      pipeline.utils.staging                  add_durations done.
2025-11-12 14:11:14,359      INFO      pipeline.utils.staging                  Running forward_fill_progress...
2025-11-12 14:11:14,414      INFO      pipeline.utils.feature_engineering      Character names, tiers, and question indices forward-filled for 368 unique sessions.
2025-11-12 14:11:14,420      INFO      pipeline.utils.staging                  forward_fill_progress done.
2025-11-12 14:11:14,420      INFO      pipeline.utils.staging                  Running question_index_cleanup...
2025-11-12 14:11:14,455      INFO      pipeline.utils.cleaning_functions       Question index cleaned up for 18493 rows.
2025-11-12 14:11:14,456      INFO      pipeline.utils.staging                  question_index_cleanup done.
2025-11-12 14:11:14,456      INFO      pipeline.utils.staging                  Running question_cumulative_qi...
2025-11-12 14:11:14,475      INFO      pipeline.utils.feature_engineering      Cumulative question index calculated for 18493 rows.
2025-11-12 14:11:14,475      INFO      pipeline.utils.staging                  question_cumulative_qi done.
2025-11-12 14:11:14,475      INFO      pipeline.utils.staging                  Running mini_game_features...
2025-11-12 14:11:14,486      INFO      pipeline.utils.feature_engineering      Extracted maze hand data for 73 rows.
2025-11-12 14:11:14,487      INFO      pipeline.utils.staging                  mini_game_features done.
2025-11-12 14:11:14,487      INFO      pipeline.utils.staging                  Running mini_game_reward_split...
2025-11-12 14:11:14,498      INFO      pipeline.utils.feature_engineering      Extracted buff data for 76 rows.
2025-11-12 14:11:14,499      INFO      pipeline.utils.staging                  mini_game_reward_split done.
2025-11-12 14:11:14,499      INFO      pipeline.utils.staging                  Running mini_game_buffs...
2025-11-12 14:11:14,505      INFO      pipeline.utils.feature_engineering      Extracted earned buff data for 77 rows.
2025-11-12 14:11:14,505      INFO      pipeline.utils.staging                  mini_game_buffs done.
2025-11-12 14:11:14,506      INFO      pipeline.utils.staging                  Running mini_game_dolls...
2025-11-12 14:11:14,513      INFO      pipeline.utils.feature_engineering      Extracted doll data for 23 rows.
2025-11-12 14:11:14,513      INFO      pipeline.utils.staging                  mini_game_dolls done.
2025-11-12 14:11:14,513      INFO      pipeline.utils.staging                  Running currency_define_permanent...
2025-11-12 14:11:14,520      INFO      pipeline.utils.feature_engineering      Extracted permanent shop item data for 42 rows.
2025-11-12 14:11:14,520      INFO      pipeline.utils.staging                  currency_define_permanent done.
2025-11-12 14:11:14,521      INFO      pipeline.utils.staging                  Running currency_define_consumable...
2025-11-12 14:11:14,529      INFO      pipeline.utils.feature_engineering      Extracted consumable shop item data for 209 rows.
2025-11-12 14:11:14,529      INFO      pipeline.utils.staging                  currency_define_consumable done.
2025-11-12 14:11:14,529      INFO      pipeline.utils.staging                  Running currency_define_board...
2025-11-12 14:11:14,533      INFO      pipeline.utils.feature_engineering      Extracted board item data for 83 rows.
2025-11-12 14:11:14,534      INFO      pipeline.utils.staging                  currency_define_board done.
2025-11-12 14:11:14,534      INFO      pipeline.utils.staging                  Running currency_define_keys...
2025-11-12 14:11:14,536      INFO      pipeline.utils.feature_engineering      Defined keys in spent_to for 6 rows.
2025-11-12 14:11:14,537      INFO      pipeline.utils.staging                  currency_define_keys done.
2025-11-12 14:11:14,537      INFO      pipeline.utils.staging                  Running apply_value_maps...
2025-11-12 14:11:14,600      WARNING   pipeline.utils.cleaning_functions       'event_params__ad_shown_where' not found in DataFrame.
2025-11-12 14:11:14,617      INFO      pipeline.utils.staging                  apply_value_maps done.
2025-11-12 14:11:14,617      INFO      pipeline.utils.staging                  Running question_addressable_index...
2025-11-12 14:11:14,638      INFO      pipeline.utils.feature_engineering      Question address created for 18493 rows.
2025-11-12 14:11:14,638      INFO      pipeline.utils.staging                  question_addressable_index done.
2025-11-12 14:11:14,638      INFO      pipeline.utils.staging                  Running question_answer_wrong_zeros...
2025-11-12 14:11:14,640      INFO      pipeline.utils.feature_engineering      Filled NaN values in 'event_params__answered_wrong' with 0 for 'Question Completed' events.
2025-11-12 14:11:14,641      INFO      pipeline.utils.staging                  question_answer_wrong_zeros done.
2025-11-12 14:11:14,641      INFO      __main__                                Data pipeline executed successfully.
2025-11-12 14:11:14,641      INFO      __main__                                Generating dataframes...
2025-11-12 14:11:15,280      INFO      pipeline.utils.split_functions          Session-level dataframe created with 369 records and 24 columns.
2025-11-12 14:11:15,335      INFO      pipeline.utils.split_functions          User-level dataframe created with 71 records and 15 columns.
2025-11-12 14:11:15,357      INFO      pipeline.utils.split_functions          Question-level dataframe created with 1166 records and 12 columns.
2025-11-12 14:11:15,364      INFO      pipeline.utils.split_functions          Ad-level dataframe created with 1 records and 5 columns.
2025-11-12 14:11:15,411      INFO      pipeline.utils.split_functions          Date-level dataframe created with 46 records and 12 columns.
2025-11-12 14:12:26,866      INFO      __main__                                Starting pipeline...
2025-11-12 14:12:26,866      INFO      __main__                                Validating folder structure...
2025-11-12 14:12:26,867      INFO      pipeline.utils.main_functions           Folder structure validated.
2025-11-12 14:12:26,867      INFO      __main__                                Setting configuration parameters...
2025-11-12 14:12:26,867      INFO      __main__                                Initializing BigQuery client...
2025-11-12 14:12:26,947      INFO      __main__                                BigQuery client initialized.
2025-11-12 14:12:26,949      INFO      __main__                                Starting data pull...
2025-11-12 14:12:26,964      INFO      pipeline.utils.staging                  Running pull_from_bq...
2025-11-12 14:12:28,380      INFO      pipeline.utils.pull_functions           No new tables to process.
2025-11-12 14:12:28,380      INFO      pipeline.utils.pull_functions           Merging data...
2025-11-12 14:12:29,616      INFO      pipeline.utils.staging                  pull_from_bq done.
2025-11-12 14:12:29,616      INFO      pipeline.utils.staging                  Running flatten_dataframe...
2025-11-12 14:12:32,944      INFO      pipeline.utils.staging                  flatten_dataframe done.
2025-11-12 14:12:32,944      INFO      pipeline.utils.staging                  Running dots_to_underscores...
2025-11-12 14:12:32,945      INFO      pipeline.utils.cleaning_functions       Column names updated to use '__' instead of '.' successfully.
2025-11-12 14:12:32,945      INFO      pipeline.utils.staging                  dots_to_underscores done.
2025-11-12 14:12:32,945      INFO      pipeline.utils.staging                  Running transform_datetime_fields...
2025-11-12 14:12:33,018      INFO      pipeline.utils.time_and_date_functions  Date/time cleanup and transformation complete.
2025-11-12 14:12:33,022      INFO      pipeline.utils.staging                  transform_datetime_fields done.
2025-11-12 14:12:33,022      INFO      pipeline.utils.staging                  Running add_time_based_features...
2025-11-12 14:12:33,049      INFO      pipeline.utils.time_and_date_functions  Time-based features added successfully.
2025-11-12 14:12:33,050      INFO      pipeline.utils.staging                  add_time_based_features done.
2025-11-12 14:12:33,050      INFO      pipeline.utils.staging                  Running add_durations...
2025-11-12 14:12:33,726      INFO      pipeline.utils.time_and_date_functions  Session IDs assigned and durations calculated for 368 unique sessions.
2025-11-12 14:12:33,767      INFO      pipeline.utils.time_and_date_functions  Event durations within sessions calculated successfully.
2025-11-12 14:12:33,771      INFO      pipeline.utils.staging                  add_durations done.
2025-11-12 14:12:33,772      INFO      pipeline.utils.staging                  Running forward_fill_progress...
2025-11-12 14:12:33,820      INFO      pipeline.utils.feature_engineering      Character names, tiers, and question indices forward-filled for 368 unique sessions.
2025-11-12 14:12:33,825      INFO      pipeline.utils.staging                  forward_fill_progress done.
2025-11-12 14:12:33,825      INFO      pipeline.utils.staging                  Running question_index_cleanup...
2025-11-12 14:12:33,854      INFO      pipeline.utils.cleaning_functions       Question index cleaned up for 18493 rows.
2025-11-12 14:12:33,855      INFO      pipeline.utils.staging                  question_index_cleanup done.
2025-11-12 14:12:33,855      INFO      pipeline.utils.staging                  Running question_cumulative_qi...
2025-11-12 14:12:33,874      INFO      pipeline.utils.feature_engineering      Cumulative question index calculated for 18493 rows.
2025-11-12 14:12:33,874      INFO      pipeline.utils.staging                  question_cumulative_qi done.
2025-11-12 14:12:33,875      INFO      pipeline.utils.staging                  Running mini_game_features...
2025-11-12 14:12:33,883      INFO      pipeline.utils.feature_engineering      Extracted maze hand data for 73 rows.
2025-11-12 14:12:33,883      INFO      pipeline.utils.staging                  mini_game_features done.
2025-11-12 14:12:33,883      INFO      pipeline.utils.staging                  Running mini_game_reward_split...
2025-11-12 14:12:33,892      INFO      pipeline.utils.feature_engineering      Extracted buff data for 76 rows.
2025-11-12 14:12:33,893      INFO      pipeline.utils.staging                  mini_game_reward_split done.
2025-11-12 14:12:33,893      INFO      pipeline.utils.staging                  Running mini_game_buffs...
2025-11-12 14:12:33,898      INFO      pipeline.utils.feature_engineering      Extracted earned buff data for 77 rows.
2025-11-12 14:12:33,898      INFO      pipeline.utils.staging                  mini_game_buffs done.
2025-11-12 14:12:33,899      INFO      pipeline.utils.staging                  Running mini_game_dolls...
2025-11-12 14:12:33,905      INFO      pipeline.utils.feature_engineering      Extracted doll data for 23 rows.
2025-11-12 14:12:33,905      INFO      pipeline.utils.staging                  mini_game_dolls done.
2025-11-12 14:12:33,905      INFO      pipeline.utils.staging                  Running currency_define_permanent...
2025-11-12 14:12:33,914      INFO      pipeline.utils.feature_engineering      Extracted permanent shop item data for 42 rows.
2025-11-12 14:12:33,914      INFO      pipeline.utils.staging                  currency_define_permanent done.
2025-11-12 14:12:33,914      INFO      pipeline.utils.staging                  Running currency_define_consumable...
2025-11-12 14:12:33,920      INFO      pipeline.utils.feature_engineering      Extracted consumable shop item data for 209 rows.
2025-11-12 14:12:33,921      INFO      pipeline.utils.staging                  currency_define_consumable done.
2025-11-12 14:12:33,921      INFO      pipeline.utils.staging                  Running currency_define_board...
2025-11-12 14:12:33,925      INFO      pipeline.utils.feature_engineering      Extracted board item data for 83 rows.
2025-11-12 14:12:33,926      INFO      pipeline.utils.staging                  currency_define_board done.
2025-11-12 14:12:33,926      INFO      pipeline.utils.staging                  Running currency_define_keys...
2025-11-12 14:12:33,927      INFO      pipeline.utils.feature_engineering      Defined keys in spent_to for 6 rows.
2025-11-12 14:12:33,928      INFO      pipeline.utils.staging                  currency_define_keys done.
2025-11-12 14:12:33,928      INFO      pipeline.utils.staging                  Running apply_value_maps...
2025-11-12 14:12:33,992      WARNING   pipeline.utils.cleaning_functions       'event_params__ad_shown_where' not found in DataFrame.
2025-11-12 14:12:34,006      INFO      pipeline.utils.staging                  apply_value_maps done.
2025-11-12 14:12:34,006      INFO      pipeline.utils.staging                  Running question_addressable_index...
2025-11-12 14:12:34,026      INFO      pipeline.utils.feature_engineering      Question address created for 18493 rows.
2025-11-12 14:12:34,026      INFO      pipeline.utils.staging                  question_addressable_index done.
2025-11-12 14:12:34,026      INFO      pipeline.utils.staging                  Running question_answer_wrong_zeros...
2025-11-12 14:12:34,028      INFO      pipeline.utils.feature_engineering      Filled NaN values in 'event_params__answered_wrong' with 0 for 'Question Completed' events.
2025-11-12 14:12:34,029      INFO      pipeline.utils.staging                  question_answer_wrong_zeros done.
2025-11-12 14:12:34,029      INFO      __main__                                Data pipeline executed successfully.
2025-11-12 14:12:34,029      INFO      __main__                                Generating dataframes...
2025-11-12 14:12:34,681      INFO      pipeline.utils.split_functions          Session-level dataframe created with 369 records and 24 columns.
2025-11-12 14:12:34,742      INFO      pipeline.utils.split_functions          User-level dataframe created with 71 records and 15 columns.
2025-11-12 14:12:34,762      INFO      pipeline.utils.split_functions          Question-level dataframe created with 1166 records and 12 columns.
2025-11-12 14:12:34,770      INFO      pipeline.utils.split_functions          Ad-level dataframe created with 1 records and 5 columns.
2025-11-12 14:12:34,813      INFO      pipeline.utils.split_functions          Date-level dataframe created with 46 records and 12 columns.
2025-11-12 14:12:34,844      INFO      pipeline.utils.split_functions          Technical events dataframe created with 39 records and 155 columns.
2025-11-12 14:12:34,849      INFO      pipeline.utils.dataframes               All split dataframes successfully created.
2025-11-12 14:12:34,849      INFO      __main__                                Dataframes generated successfully.
2025-11-12 14:12:34,850      INFO      __main__                                Calculating KPIs...
2025-11-12 14:12:37,038      INFO      __main__                                Data pipeline complete. Processed data saved.
2025-11-12 14:40:56,627      INFO      __main__                                Starting pipeline...
2025-11-12 14:40:56,627      INFO      __main__                                Validating folder structure...
2025-11-12 14:40:56,628      INFO      pipeline.utils.main_functions           Folder structure validated.
2025-11-12 14:40:56,628      INFO      __main__                                Setting configuration parameters...
2025-11-12 14:40:56,628      INFO      __main__                                Initializing BigQuery client...
2025-11-12 14:40:56,677      INFO      __main__                                BigQuery client initialized.
2025-11-12 14:40:56,679      INFO      __main__                                Starting data pull...
2025-11-12 14:40:56,694      INFO      pipeline.utils.staging                  Running pull_from_bq...
2025-11-12 14:40:58,151      INFO      pipeline.utils.pull_functions           No new tables to process.
2025-11-12 14:40:58,151      INFO      pipeline.utils.pull_functions           Merging data...
2025-11-12 14:40:59,324      INFO      pipeline.utils.staging                  pull_from_bq done.
2025-11-12 14:40:59,325      INFO      pipeline.utils.staging                  Running flatten_dataframe...
2025-11-12 14:41:02,609      INFO      pipeline.utils.staging                  flatten_dataframe done.
2025-11-12 14:41:02,609      INFO      pipeline.utils.staging                  Running dots_to_underscores...
2025-11-12 14:41:02,610      INFO      pipeline.utils.cleaning_functions       Column names updated to use '__' instead of '.' successfully.
2025-11-12 14:41:02,610      INFO      pipeline.utils.staging                  dots_to_underscores done.
2025-11-12 14:41:02,610      INFO      pipeline.utils.staging                  Running transform_datetime_fields...
2025-11-12 14:41:02,667      INFO      pipeline.utils.time_and_date_functions  Date/time cleanup and transformation complete.
2025-11-12 14:41:02,670      INFO      pipeline.utils.staging                  transform_datetime_fields done.
2025-11-12 14:41:02,670      INFO      pipeline.utils.staging                  Running add_time_based_features...
2025-11-12 14:41:02,695      INFO      pipeline.utils.time_and_date_functions  Time-based features added successfully.
2025-11-12 14:41:02,695      INFO      pipeline.utils.staging                  add_time_based_features done.
2025-11-12 14:41:02,696      INFO      pipeline.utils.staging                  Running add_durations...
2025-11-12 14:41:03,297      INFO      pipeline.utils.time_and_date_functions  Session IDs assigned and durations calculated for 368 unique sessions.
2025-11-12 14:41:03,330      INFO      pipeline.utils.time_and_date_functions  Event durations within sessions calculated successfully.
2025-11-12 14:41:03,334      INFO      pipeline.utils.staging                  add_durations done.
2025-11-12 14:41:03,334      INFO      pipeline.utils.staging                  Running forward_fill_progress...
2025-11-12 14:41:03,386      INFO      pipeline.utils.feature_engineering      Character names, tiers, and question indices forward-filled for 368 unique sessions.
2025-11-12 14:41:03,392      INFO      pipeline.utils.staging                  forward_fill_progress done.
2025-11-12 14:41:03,392      INFO      pipeline.utils.staging                  Running question_index_cleanup...
2025-11-12 14:41:03,427      INFO      pipeline.utils.cleaning_functions       Question index cleaned up for 18493 rows.
2025-11-12 14:41:03,428      INFO      pipeline.utils.staging                  question_index_cleanup done.
2025-11-12 14:41:03,428      INFO      pipeline.utils.staging                  Running question_cumulative_qi...
2025-11-12 14:41:03,448      INFO      pipeline.utils.feature_engineering      Cumulative question index calculated for 18493 rows.
2025-11-12 14:41:03,448      INFO      pipeline.utils.staging                  question_cumulative_qi done.
2025-11-12 14:41:03,448      INFO      pipeline.utils.staging                  Running mini_game_features...
2025-11-12 14:41:03,459      INFO      pipeline.utils.feature_engineering      Extracted maze hand data for 73 rows.
2025-11-12 14:41:03,460      INFO      pipeline.utils.staging                  mini_game_features done.
2025-11-12 14:41:03,460      INFO      pipeline.utils.staging                  Running mini_game_reward_split...
2025-11-12 14:41:03,472      INFO      pipeline.utils.feature_engineering      Extracted buff data for 76 rows.
2025-11-12 14:41:03,473      INFO      pipeline.utils.staging                  mini_game_reward_split done.
2025-11-12 14:41:03,473      INFO      pipeline.utils.staging                  Running mini_game_buffs...
2025-11-12 14:41:03,479      INFO      pipeline.utils.feature_engineering      Extracted earned buff data for 77 rows.
2025-11-12 14:41:03,479      INFO      pipeline.utils.staging                  mini_game_buffs done.
2025-11-12 14:41:03,479      INFO      pipeline.utils.staging                  Running mini_game_dolls...
2025-11-12 14:41:03,487      INFO      pipeline.utils.feature_engineering      Extracted doll data for 23 rows.
2025-11-12 14:41:03,487      INFO      pipeline.utils.staging                  mini_game_dolls done.
2025-11-12 14:41:03,487      INFO      pipeline.utils.staging                  Running currency_define_permanent...
2025-11-12 14:41:03,494      INFO      pipeline.utils.feature_engineering      Extracted permanent shop item data for 42 rows.
2025-11-12 14:41:03,495      INFO      pipeline.utils.staging                  currency_define_permanent done.
2025-11-12 14:41:03,495      INFO      pipeline.utils.staging                  Running currency_define_consumable...
2025-11-12 14:41:03,503      INFO      pipeline.utils.feature_engineering      Extracted consumable shop item data for 209 rows.
2025-11-12 14:41:03,503      INFO      pipeline.utils.staging                  currency_define_consumable done.
2025-11-12 14:41:03,503      INFO      pipeline.utils.staging                  Running currency_define_board...
2025-11-12 14:41:03,508      INFO      pipeline.utils.feature_engineering      Extracted board item data for 83 rows.
2025-11-12 14:41:03,508      INFO      pipeline.utils.staging                  currency_define_board done.
2025-11-12 14:41:03,508      INFO      pipeline.utils.staging                  Running currency_define_keys...
2025-11-12 14:41:03,510      INFO      pipeline.utils.feature_engineering      Defined keys in spent_to for 6 rows.
2025-11-12 14:41:03,510      INFO      pipeline.utils.staging                  currency_define_keys done.
2025-11-12 14:41:03,510      INFO      pipeline.utils.staging                  Running apply_value_maps...
2025-11-12 14:41:03,576      WARNING   pipeline.utils.cleaning_functions       'event_params__ad_shown_where' not found in DataFrame.
2025-11-12 14:41:03,593      INFO      pipeline.utils.staging                  apply_value_maps done.
2025-11-12 14:41:03,593      INFO      pipeline.utils.staging                  Running question_addressable_index...
2025-11-12 14:41:03,614      INFO      pipeline.utils.feature_engineering      Question address created for 18493 rows.
2025-11-12 14:41:03,614      INFO      pipeline.utils.staging                  question_addressable_index done.
2025-11-12 14:41:03,614      INFO      pipeline.utils.staging                  Running question_answer_wrong_zeros...
2025-11-12 14:41:03,617      INFO      pipeline.utils.feature_engineering      Filled NaN values in 'event_params__answered_wrong' with 0 for 'Question Completed' events.
2025-11-12 14:41:03,617      INFO      pipeline.utils.staging                  question_answer_wrong_zeros done.
2025-11-12 14:41:03,617      INFO      __main__                                Data pipeline executed successfully.
2025-11-12 14:41:03,617      INFO      __main__                                Generating dataframes...
2025-11-12 14:41:04,280      INFO      pipeline.utils.split_functions          Session-level dataframe created with 369 records and 24 columns.
2025-11-12 14:41:04,333      INFO      pipeline.utils.split_functions          User-level dataframe created with 71 records and 15 columns.
2025-11-12 14:41:04,369      INFO      pipeline.utils.split_functions          Question-level dataframe created with 1166 records and 12 columns.
2025-11-12 14:41:04,376      INFO      pipeline.utils.split_functions          Ad-level dataframe created with 1 records and 5 columns.
2025-11-12 14:41:04,432      INFO      pipeline.utils.split_functions          Date-level dataframe created with 46 records and 14 columns.
2025-11-12 14:41:04,469      INFO      pipeline.utils.split_functions          Technical events dataframe created with 39 records and 155 columns.
2025-11-12 14:41:04,474      INFO      pipeline.utils.dataframes               All split dataframes successfully created.
2025-11-12 14:41:04,474      INFO      __main__                                Dataframes generated successfully.
2025-11-12 14:41:04,474      INFO      __main__                                Calculating KPIs...
2025-11-12 14:41:06,434      INFO      __main__                                Data pipeline complete. Processed data saved.
