2025-11-11 16:52:44,325      INFO      __main__                                Starting pipeline...
2025-11-11 16:52:44,326      INFO      __main__                                Validating folder structure...
2025-11-11 16:52:44,326      INFO      pipeline.utils.main_functions           Folder structure validated.
2025-11-11 16:52:44,326      INFO      __main__                                Setting configuration parameters...
2025-11-11 16:52:44,326      INFO      __main__                                Initializing BigQuery client...
2025-11-11 16:52:44,582      INFO      __main__                                BigQuery client initialized.
2025-11-11 16:52:44,584      INFO      __main__                                Starting data pull...
2025-11-11 16:52:45,188      INFO      pipeline.utils.staging                  Running pull_from_bq...
2025-11-11 16:52:46,998      INFO      pipeline.utils.pull_functions           Processing events_20251102...
2025-11-11 16:52:50,097      INFO      pipeline.utils.pull_functions           Fetched 31 rows from events_20251102
2025-11-11 16:52:50,098      INFO      pipeline.utils.pull_functions           Processing events_20251104...
2025-11-11 16:52:52,298      INFO      pipeline.utils.pull_functions           Fetched 31 rows from events_20251104
2025-11-11 16:52:52,298      INFO      pipeline.utils.pull_functions           Processing events_20251105...
2025-11-11 16:52:54,301      INFO      pipeline.utils.pull_functions           Fetched 31 rows from events_20251105
2025-11-11 16:52:54,301      INFO      pipeline.utils.pull_functions           Processing events_20251106...
2025-11-11 16:52:56,749      INFO      pipeline.utils.pull_functions           Fetched 31 rows from events_20251106
2025-11-11 16:52:56,749      INFO      pipeline.utils.pull_functions           Processing events_20251110...
2025-11-11 16:52:58,831      INFO      pipeline.utils.pull_functions           Fetched 31 rows from events_20251110
2025-11-11 16:52:58,831      INFO      pipeline.utils.pull_functions           Merging data...
2025-11-11 16:53:01,844      INFO      pipeline.utils.staging                  pull_from_bq done.
2025-11-11 16:53:01,845      INFO      pipeline.utils.staging                  Running flatten_dataframe...
2025-11-11 16:53:05,147      INFO      pipeline.utils.staging                  flatten_dataframe done.
2025-11-11 16:53:05,148      INFO      pipeline.utils.staging                  Running dots_to_underscores...
2025-11-11 16:53:05,169      INFO      pipeline.utils.cleaning_functions       Column names updated to use '__' instead of '.' successfully.
2025-11-11 16:53:05,169      INFO      pipeline.utils.staging                  dots_to_underscores done.
2025-11-11 16:53:05,169      INFO      pipeline.utils.staging                  Running transform_datetime_fields...
2025-11-11 16:53:05,423      INFO      pipeline.utils.time_and_date_functions  Date/time cleanup and transformation complete.
2025-11-11 16:53:05,426      INFO      pipeline.utils.staging                  transform_datetime_fields done.
2025-11-11 16:53:05,427      INFO      pipeline.utils.staging                  Running add_time_based_features...
2025-11-11 16:53:05,461      INFO      pipeline.utils.time_and_date_functions  Time-based features added successfully.
2025-11-11 16:53:05,461      INFO      pipeline.utils.staging                  add_time_based_features done.
2025-11-11 16:53:05,462      INFO      pipeline.utils.staging                  Running add_durations...
2025-11-11 16:53:06,126      INFO      pipeline.utils.time_and_date_functions  Session IDs assigned and durations calculated for 368 unique sessions.
2025-11-11 16:53:06,175      INFO      pipeline.utils.time_and_date_functions  Event durations within sessions calculated successfully.
2025-11-11 16:53:06,180      INFO      pipeline.utils.staging                  add_durations done.
2025-11-11 16:53:06,180      INFO      pipeline.utils.staging                  Running forward_fill_progress...
2025-11-11 16:53:06,230      INFO      pipeline.utils.feature_engineering      Character names, tiers, and question indices forward-filled for 368 unique sessions.
2025-11-11 16:53:06,236      INFO      pipeline.utils.staging                  forward_fill_progress done.
2025-11-11 16:53:06,236      INFO      pipeline.utils.staging                  Running question_index_cleanup...
2025-11-11 16:53:06,277      INFO      pipeline.utils.cleaning_functions       Question index cleaned up for 18493 rows.
2025-11-11 16:53:06,277      INFO      pipeline.utils.staging                  question_index_cleanup done.
2025-11-11 16:53:06,277      INFO      pipeline.utils.staging                  Running question_cumulative_qi...
2025-11-11 16:53:06,294      INFO      pipeline.utils.feature_engineering      Cumulative question index calculated for 18493 rows.
2025-11-11 16:53:06,294      INFO      pipeline.utils.staging                  question_cumulative_qi done.
2025-11-11 16:53:06,294      INFO      pipeline.utils.staging                  Running mini_game_features...
2025-11-11 16:53:06,303      INFO      pipeline.utils.feature_engineering      Extracted maze hand data for 73 rows.
2025-11-11 16:53:06,303      INFO      pipeline.utils.staging                  mini_game_features done.
2025-11-11 16:53:06,303      INFO      pipeline.utils.staging                  Running mini_game_reward_split...
2025-11-11 16:53:06,313      INFO      pipeline.utils.feature_engineering      Extracted buff data for 76 rows.
2025-11-11 16:53:06,313      INFO      pipeline.utils.staging                  mini_game_reward_split done.
2025-11-11 16:53:06,314      INFO      pipeline.utils.staging                  Running mini_game_buffs...
2025-11-11 16:53:06,319      INFO      pipeline.utils.feature_engineering      Extracted earned buff data for 77 rows.
2025-11-11 16:53:06,319      INFO      pipeline.utils.staging                  mini_game_buffs done.
2025-11-11 16:53:06,320      INFO      pipeline.utils.staging                  Running mini_game_dolls...
2025-11-11 16:53:06,325      INFO      pipeline.utils.feature_engineering      Extracted doll data for 23 rows.
2025-11-11 16:53:06,326      INFO      pipeline.utils.staging                  mini_game_dolls done.
2025-11-11 16:53:06,326      INFO      pipeline.utils.staging                  Running currency_define_permanent...
2025-11-11 16:53:06,333      INFO      pipeline.utils.feature_engineering      Extracted permanent shop item data for 42 rows.
2025-11-11 16:53:06,333      INFO      pipeline.utils.staging                  currency_define_permanent done.
2025-11-11 16:53:06,333      INFO      pipeline.utils.staging                  Running currency_define_consumable...
2025-11-11 16:53:06,340      INFO      pipeline.utils.feature_engineering      Extracted consumable shop item data for 209 rows.
2025-11-11 16:53:06,340      INFO      pipeline.utils.staging                  currency_define_consumable done.
2025-11-11 16:53:06,340      INFO      pipeline.utils.staging                  Running currency_define_board...
2025-11-11 16:53:06,344      INFO      pipeline.utils.feature_engineering      Extracted board item data for 83 rows.
2025-11-11 16:53:06,344      INFO      pipeline.utils.staging                  currency_define_board done.
2025-11-11 16:53:06,344      INFO      pipeline.utils.staging                  Running currency_define_keys...
2025-11-11 16:53:06,346      INFO      pipeline.utils.feature_engineering      Defined keys in spent_to for 6 rows.
2025-11-11 16:53:06,346      INFO      pipeline.utils.staging                  currency_define_keys done.
2025-11-11 16:53:06,347      INFO      pipeline.utils.staging                  Running apply_value_maps...
2025-11-11 16:53:06,404      WARNING   pipeline.utils.cleaning_functions       'event_params__ad_shown_where' not found in DataFrame.
2025-11-11 16:53:06,421      INFO      pipeline.utils.staging                  apply_value_maps done.
2025-11-11 16:53:06,421      INFO      pipeline.utils.staging                  Running question_addressable_index...
2025-11-11 16:53:06,440      INFO      pipeline.utils.feature_engineering      Question address created for 18493 rows.
2025-11-11 16:53:06,440      INFO      pipeline.utils.staging                  question_addressable_index done.
2025-11-11 16:53:06,440      INFO      pipeline.utils.staging                  Running question_answer_wrong_zeros...
2025-11-11 16:53:06,442      INFO      pipeline.utils.feature_engineering      Filled NaN values in 'event_params__answered_wrong' with 0 for 'Question Completed' events.
2025-11-11 16:53:06,442      INFO      pipeline.utils.staging                  question_answer_wrong_zeros done.
2025-11-11 16:53:06,442      INFO      __main__                                Data pipeline executed successfully.
2025-11-11 16:53:06,442      INFO      __main__                                Generating dataframes...
2025-11-11 16:53:07,097      INFO      pipeline.utils.split_functions          Session-level dataframe created with 369 records and 24 columns.
2025-11-11 17:01:06,918      INFO      __main__                                Starting pipeline...
2025-11-11 17:01:06,931      INFO      __main__                                Validating folder structure...
2025-11-11 17:01:06,932      INFO      pipeline.utils.main_functions           Folder structure validated.
2025-11-11 17:01:06,932      INFO      __main__                                Setting configuration parameters...
2025-11-11 17:01:06,932      INFO      __main__                                Initializing BigQuery client...
2025-11-11 17:01:07,069      INFO      __main__                                BigQuery client initialized.
2025-11-11 17:01:07,125      INFO      __main__                                Starting data pull...
2025-11-11 17:01:07,394      INFO      pipeline.utils.staging                  Running pull_from_bq...
2025-11-11 17:01:08,981      INFO      pipeline.utils.pull_functions           No new tables to process.
2025-11-11 17:01:08,982      INFO      pipeline.utils.pull_functions           Merging data...
2025-11-11 17:01:11,412      INFO      pipeline.utils.staging                  pull_from_bq done.
2025-11-11 17:01:11,412      INFO      pipeline.utils.staging                  Running flatten_dataframe...
2025-11-11 17:01:15,005      INFO      pipeline.utils.staging                  flatten_dataframe done.
2025-11-11 17:01:15,006      INFO      pipeline.utils.staging                  Running dots_to_underscores...
2025-11-11 17:01:15,023      INFO      pipeline.utils.cleaning_functions       Column names updated to use '__' instead of '.' successfully.
2025-11-11 17:01:15,023      INFO      pipeline.utils.staging                  dots_to_underscores done.
2025-11-11 17:01:15,024      INFO      pipeline.utils.staging                  Running transform_datetime_fields...
2025-11-11 17:01:15,134      INFO      pipeline.utils.time_and_date_functions  Date/time cleanup and transformation complete.
2025-11-11 17:01:15,138      INFO      pipeline.utils.staging                  transform_datetime_fields done.
2025-11-11 17:01:15,139      INFO      pipeline.utils.staging                  Running add_time_based_features...
2025-11-11 17:01:15,173      INFO      pipeline.utils.time_and_date_functions  Time-based features added successfully.
2025-11-11 17:01:15,174      INFO      pipeline.utils.staging                  add_time_based_features done.
2025-11-11 17:01:15,174      INFO      pipeline.utils.staging                  Running add_durations...
2025-11-11 17:01:15,914      INFO      pipeline.utils.time_and_date_functions  Session IDs assigned and durations calculated for 368 unique sessions.
2025-11-11 17:01:15,952      INFO      pipeline.utils.time_and_date_functions  Event durations within sessions calculated successfully.
2025-11-11 17:01:15,956      INFO      pipeline.utils.staging                  add_durations done.
2025-11-11 17:01:15,956      INFO      pipeline.utils.staging                  Running forward_fill_progress...
2025-11-11 17:01:16,019      INFO      pipeline.utils.feature_engineering      Character names, tiers, and question indices forward-filled for 368 unique sessions.
2025-11-11 17:01:16,039      INFO      pipeline.utils.staging                  forward_fill_progress done.
2025-11-11 17:01:16,039      INFO      pipeline.utils.staging                  Running question_index_cleanup...
2025-11-11 17:01:16,075      INFO      pipeline.utils.cleaning_functions       Question index cleaned up for 18493 rows.
2025-11-11 17:01:16,075      INFO      pipeline.utils.staging                  question_index_cleanup done.
2025-11-11 17:01:16,076      INFO      pipeline.utils.staging                  Running question_cumulative_qi...
2025-11-11 17:01:16,094      INFO      pipeline.utils.feature_engineering      Cumulative question index calculated for 18493 rows.
2025-11-11 17:01:16,094      INFO      pipeline.utils.staging                  question_cumulative_qi done.
2025-11-11 17:01:16,094      INFO      pipeline.utils.staging                  Running mini_game_features...
2025-11-11 17:01:16,103      INFO      pipeline.utils.feature_engineering      Extracted maze hand data for 73 rows.
2025-11-11 17:01:16,104      INFO      pipeline.utils.staging                  mini_game_features done.
2025-11-11 17:01:16,104      INFO      pipeline.utils.staging                  Running mini_game_reward_split...
2025-11-11 17:01:16,114      INFO      pipeline.utils.feature_engineering      Extracted buff data for 76 rows.
2025-11-11 17:01:16,114      INFO      pipeline.utils.staging                  mini_game_reward_split done.
2025-11-11 17:01:16,114      INFO      pipeline.utils.staging                  Running mini_game_buffs...
2025-11-11 17:01:16,120      INFO      pipeline.utils.feature_engineering      Extracted earned buff data for 77 rows.
2025-11-11 17:01:16,120      INFO      pipeline.utils.staging                  mini_game_buffs done.
2025-11-11 17:01:16,121      INFO      pipeline.utils.staging                  Running mini_game_dolls...
2025-11-11 17:01:16,126      INFO      pipeline.utils.feature_engineering      Extracted doll data for 23 rows.
2025-11-11 17:01:16,127      INFO      pipeline.utils.staging                  mini_game_dolls done.
2025-11-11 17:01:16,127      INFO      pipeline.utils.staging                  Running currency_define_permanent...
2025-11-11 17:01:16,133      INFO      pipeline.utils.feature_engineering      Extracted permanent shop item data for 42 rows.
2025-11-11 17:01:16,133      INFO      pipeline.utils.staging                  currency_define_permanent done.
2025-11-11 17:01:16,134      INFO      pipeline.utils.staging                  Running currency_define_consumable...
2025-11-11 17:01:16,140      INFO      pipeline.utils.feature_engineering      Extracted consumable shop item data for 209 rows.
2025-11-11 17:01:16,141      INFO      pipeline.utils.staging                  currency_define_consumable done.
2025-11-11 17:01:16,141      INFO      pipeline.utils.staging                  Running currency_define_board...
2025-11-11 17:01:16,145      INFO      pipeline.utils.feature_engineering      Extracted board item data for 83 rows.
2025-11-11 17:01:16,145      INFO      pipeline.utils.staging                  currency_define_board done.
2025-11-11 17:01:16,145      INFO      pipeline.utils.staging                  Running currency_define_keys...
2025-11-11 17:01:16,147      INFO      pipeline.utils.feature_engineering      Defined keys in spent_to for 6 rows.
2025-11-11 17:01:16,147      INFO      pipeline.utils.staging                  currency_define_keys done.
2025-11-11 17:01:16,147      INFO      pipeline.utils.staging                  Running apply_value_maps...
2025-11-11 17:01:16,225      WARNING   pipeline.utils.cleaning_functions       'event_params__ad_shown_where' not found in DataFrame.
2025-11-11 17:01:16,242      INFO      pipeline.utils.staging                  apply_value_maps done.
2025-11-11 17:01:16,242      INFO      pipeline.utils.staging                  Running question_addressable_index...
2025-11-11 17:01:16,280      INFO      pipeline.utils.feature_engineering      Question address created for 18493 rows.
2025-11-11 17:01:16,280      INFO      pipeline.utils.staging                  question_addressable_index done.
2025-11-11 17:01:16,280      INFO      pipeline.utils.staging                  Running question_answer_wrong_zeros...
2025-11-11 17:01:16,282      INFO      pipeline.utils.feature_engineering      Filled NaN values in 'event_params__answered_wrong' with 0 for 'Question Completed' events.
2025-11-11 17:01:16,282      INFO      pipeline.utils.staging                  question_answer_wrong_zeros done.
2025-11-11 17:01:16,283      INFO      __main__                                Data pipeline executed successfully.
2025-11-11 17:01:16,283      INFO      __main__                                Generating dataframes...
2025-11-11 17:01:17,027      INFO      pipeline.utils.split_functions          Session-level dataframe created with 369 records and 24 columns.
2025-11-11 17:01:17,081      INFO      pipeline.utils.split_functions          User-level dataframe created with 71 records and 14 columns.
2025-11-11 18:31:49,087      INFO      __main__                                Starting pipeline...
2025-11-11 18:31:49,097      INFO      __main__                                Validating folder structure...
2025-11-11 18:31:49,098      INFO      pipeline.utils.main_functions           Folder structure validated.
2025-11-11 18:31:49,098      INFO      __main__                                Setting configuration parameters...
2025-11-11 18:31:49,098      INFO      __main__                                Initializing BigQuery client...
2025-11-11 18:31:49,234      INFO      __main__                                BigQuery client initialized.
2025-11-11 18:31:49,280      INFO      __main__                                Starting data pull...
2025-11-11 18:31:49,558      INFO      pipeline.utils.staging                  Running pull_from_bq...
2025-11-11 18:31:51,272      INFO      pipeline.utils.pull_functions           No new tables to process.
2025-11-11 18:31:51,272      INFO      pipeline.utils.pull_functions           Merging data...
2025-11-11 18:31:53,641      INFO      pipeline.utils.staging                  pull_from_bq done.
2025-11-11 18:31:53,642      INFO      pipeline.utils.staging                  Running flatten_dataframe...
2025-11-11 18:31:56,817      INFO      pipeline.utils.staging                  flatten_dataframe done.
2025-11-11 18:31:56,817      INFO      pipeline.utils.staging                  Running dots_to_underscores...
2025-11-11 18:31:56,846      INFO      pipeline.utils.cleaning_functions       Column names updated to use '__' instead of '.' successfully.
2025-11-11 18:31:56,846      INFO      pipeline.utils.staging                  dots_to_underscores done.
2025-11-11 18:31:56,846      INFO      pipeline.utils.staging                  Running transform_datetime_fields...
2025-11-11 18:31:56,956      INFO      pipeline.utils.time_and_date_functions  Date/time cleanup and transformation complete.
2025-11-11 18:31:56,961      INFO      pipeline.utils.staging                  transform_datetime_fields done.
2025-11-11 18:31:56,961      INFO      pipeline.utils.staging                  Running add_time_based_features...
2025-11-11 18:31:56,995      INFO      pipeline.utils.time_and_date_functions  Time-based features added successfully.
2025-11-11 18:31:56,996      INFO      pipeline.utils.staging                  add_time_based_features done.
2025-11-11 18:31:56,996      INFO      pipeline.utils.staging                  Running add_durations...
2025-11-11 18:31:57,645      INFO      pipeline.utils.time_and_date_functions  Session IDs assigned and durations calculated for 368 unique sessions.
2025-11-11 18:31:57,676      INFO      pipeline.utils.time_and_date_functions  Event durations within sessions calculated successfully.
2025-11-11 18:31:57,681      INFO      pipeline.utils.staging                  add_durations done.
2025-11-11 18:31:57,681      INFO      pipeline.utils.staging                  Running forward_fill_progress...
2025-11-11 18:31:57,731      INFO      pipeline.utils.feature_engineering      Character names, tiers, and question indices forward-filled for 368 unique sessions.
2025-11-11 18:31:57,736      INFO      pipeline.utils.staging                  forward_fill_progress done.
2025-11-11 18:31:57,736      INFO      pipeline.utils.staging                  Running question_index_cleanup...
2025-11-11 18:31:57,767      INFO      pipeline.utils.cleaning_functions       Question index cleaned up for 18493 rows.
2025-11-11 18:31:57,767      INFO      pipeline.utils.staging                  question_index_cleanup done.
2025-11-11 18:31:57,767      INFO      pipeline.utils.staging                  Running question_cumulative_qi...
2025-11-11 18:31:57,786      INFO      pipeline.utils.feature_engineering      Cumulative question index calculated for 18493 rows.
2025-11-11 18:31:57,786      INFO      pipeline.utils.staging                  question_cumulative_qi done.
2025-11-11 18:31:57,786      INFO      pipeline.utils.staging                  Running mini_game_features...
2025-11-11 18:31:57,795      INFO      pipeline.utils.feature_engineering      Extracted maze hand data for 73 rows.
2025-11-11 18:31:57,795      INFO      pipeline.utils.staging                  mini_game_features done.
2025-11-11 18:31:57,795      INFO      pipeline.utils.staging                  Running mini_game_reward_split...
2025-11-11 18:31:57,805      INFO      pipeline.utils.feature_engineering      Extracted buff data for 76 rows.
2025-11-11 18:31:57,806      INFO      pipeline.utils.staging                  mini_game_reward_split done.
2025-11-11 18:31:57,806      INFO      pipeline.utils.staging                  Running mini_game_buffs...
2025-11-11 18:31:57,811      INFO      pipeline.utils.feature_engineering      Extracted earned buff data for 77 rows.
2025-11-11 18:31:57,811      INFO      pipeline.utils.staging                  mini_game_buffs done.
2025-11-11 18:31:57,811      INFO      pipeline.utils.staging                  Running mini_game_dolls...
2025-11-11 18:31:57,817      INFO      pipeline.utils.feature_engineering      Extracted doll data for 23 rows.
2025-11-11 18:31:57,817      INFO      pipeline.utils.staging                  mini_game_dolls done.
2025-11-11 18:31:57,817      INFO      pipeline.utils.staging                  Running currency_define_permanent...
2025-11-11 18:31:57,823      INFO      pipeline.utils.feature_engineering      Extracted permanent shop item data for 42 rows.
2025-11-11 18:31:57,824      INFO      pipeline.utils.staging                  currency_define_permanent done.
2025-11-11 18:31:57,824      INFO      pipeline.utils.staging                  Running currency_define_consumable...
2025-11-11 18:31:57,830      INFO      pipeline.utils.feature_engineering      Extracted consumable shop item data for 209 rows.
2025-11-11 18:31:57,830      INFO      pipeline.utils.staging                  currency_define_consumable done.
2025-11-11 18:31:57,830      INFO      pipeline.utils.staging                  Running currency_define_board...
2025-11-11 18:31:57,835      INFO      pipeline.utils.feature_engineering      Extracted board item data for 83 rows.
2025-11-11 18:31:57,835      INFO      pipeline.utils.staging                  currency_define_board done.
2025-11-11 18:31:57,835      INFO      pipeline.utils.staging                  Running currency_define_keys...
2025-11-11 18:31:57,837      INFO      pipeline.utils.feature_engineering      Defined keys in spent_to for 6 rows.
2025-11-11 18:31:57,837      INFO      pipeline.utils.staging                  currency_define_keys done.
2025-11-11 18:31:57,837      INFO      pipeline.utils.staging                  Running apply_value_maps...
2025-11-11 18:31:57,893      WARNING   pipeline.utils.cleaning_functions       'event_params__ad_shown_where' not found in DataFrame.
2025-11-11 18:31:57,907      INFO      pipeline.utils.staging                  apply_value_maps done.
2025-11-11 18:31:57,907      INFO      pipeline.utils.staging                  Running question_addressable_index...
2025-11-11 18:31:57,926      INFO      pipeline.utils.feature_engineering      Question address created for 18493 rows.
2025-11-11 18:31:57,927      INFO      pipeline.utils.staging                  question_addressable_index done.
2025-11-11 18:31:57,927      INFO      pipeline.utils.staging                  Running question_answer_wrong_zeros...
2025-11-11 18:31:57,929      INFO      pipeline.utils.feature_engineering      Filled NaN values in 'event_params__answered_wrong' with 0 for 'Question Completed' events.
2025-11-11 18:31:57,930      INFO      pipeline.utils.staging                  question_answer_wrong_zeros done.
2025-11-11 18:31:57,930      INFO      __main__                                Data pipeline executed successfully.
2025-11-11 18:31:57,930      INFO      __main__                                Generating dataframes...
2025-11-11 18:31:58,546      INFO      pipeline.utils.split_functions          Session-level dataframe created with 369 records and 24 columns.
2025-11-11 18:31:58,604      INFO      pipeline.utils.split_functions          User-level dataframe created with 71 records and 14 columns.
2025-11-11 18:33:24,323      INFO      __main__                                Starting pipeline...
2025-11-11 18:33:24,323      INFO      __main__                                Validating folder structure...
2025-11-11 18:33:24,324      INFO      pipeline.utils.main_functions           Folder structure validated.
2025-11-11 18:33:24,324      INFO      __main__                                Setting configuration parameters...
2025-11-11 18:33:24,324      INFO      __main__                                Initializing BigQuery client...
2025-11-11 18:33:24,389      INFO      __main__                                BigQuery client initialized.
2025-11-11 18:33:24,391      INFO      __main__                                Starting data pull...
2025-11-11 18:33:24,414      INFO      pipeline.utils.staging                  Running pull_from_bq...
2025-11-11 18:33:25,962      INFO      pipeline.utils.pull_functions           No new tables to process.
2025-11-11 18:33:25,962      INFO      pipeline.utils.pull_functions           Merging data...
2025-11-11 18:33:27,143      INFO      pipeline.utils.staging                  pull_from_bq done.
2025-11-11 18:33:27,144      INFO      pipeline.utils.staging                  Running flatten_dataframe...
2025-11-11 18:33:30,290      INFO      pipeline.utils.staging                  flatten_dataframe done.
2025-11-11 18:33:30,290      INFO      pipeline.utils.staging                  Running dots_to_underscores...
2025-11-11 18:33:30,291      INFO      pipeline.utils.cleaning_functions       Column names updated to use '__' instead of '.' successfully.
2025-11-11 18:33:30,291      INFO      pipeline.utils.staging                  dots_to_underscores done.
2025-11-11 18:33:30,291      INFO      pipeline.utils.staging                  Running transform_datetime_fields...
2025-11-11 18:33:30,345      INFO      pipeline.utils.time_and_date_functions  Date/time cleanup and transformation complete.
2025-11-11 18:33:30,349      INFO      pipeline.utils.staging                  transform_datetime_fields done.
2025-11-11 18:33:30,349      INFO      pipeline.utils.staging                  Running add_time_based_features...
2025-11-11 18:33:30,373      INFO      pipeline.utils.time_and_date_functions  Time-based features added successfully.
2025-11-11 18:33:30,373      INFO      pipeline.utils.staging                  add_time_based_features done.
2025-11-11 18:33:30,373      INFO      pipeline.utils.staging                  Running add_durations...
2025-11-11 18:33:30,937      INFO      pipeline.utils.time_and_date_functions  Session IDs assigned and durations calculated for 368 unique sessions.
2025-11-11 18:33:30,964      INFO      pipeline.utils.time_and_date_functions  Event durations within sessions calculated successfully.
2025-11-11 18:33:30,968      INFO      pipeline.utils.staging                  add_durations done.
2025-11-11 18:33:30,968      INFO      pipeline.utils.staging                  Running forward_fill_progress...
2025-11-11 18:33:31,014      INFO      pipeline.utils.feature_engineering      Character names, tiers, and question indices forward-filled for 368 unique sessions.
2025-11-11 18:33:31,019      INFO      pipeline.utils.staging                  forward_fill_progress done.
2025-11-11 18:33:31,019      INFO      pipeline.utils.staging                  Running question_index_cleanup...
2025-11-11 18:33:31,049      INFO      pipeline.utils.cleaning_functions       Question index cleaned up for 18493 rows.
2025-11-11 18:33:31,050      INFO      pipeline.utils.staging                  question_index_cleanup done.
2025-11-11 18:33:31,050      INFO      pipeline.utils.staging                  Running question_cumulative_qi...
2025-11-11 18:33:31,066      INFO      pipeline.utils.feature_engineering      Cumulative question index calculated for 18493 rows.
2025-11-11 18:33:31,067      INFO      pipeline.utils.staging                  question_cumulative_qi done.
2025-11-11 18:33:31,067      INFO      pipeline.utils.staging                  Running mini_game_features...
2025-11-11 18:33:31,075      INFO      pipeline.utils.feature_engineering      Extracted maze hand data for 73 rows.
2025-11-11 18:33:31,076      INFO      pipeline.utils.staging                  mini_game_features done.
2025-11-11 18:33:31,076      INFO      pipeline.utils.staging                  Running mini_game_reward_split...
2025-11-11 18:33:31,085      INFO      pipeline.utils.feature_engineering      Extracted buff data for 76 rows.
2025-11-11 18:33:31,085      INFO      pipeline.utils.staging                  mini_game_reward_split done.
2025-11-11 18:33:31,085      INFO      pipeline.utils.staging                  Running mini_game_buffs...
2025-11-11 18:33:31,091      INFO      pipeline.utils.feature_engineering      Extracted earned buff data for 77 rows.
2025-11-11 18:33:31,091      INFO      pipeline.utils.staging                  mini_game_buffs done.
2025-11-11 18:33:31,091      INFO      pipeline.utils.staging                  Running mini_game_dolls...
2025-11-11 18:33:31,097      INFO      pipeline.utils.feature_engineering      Extracted doll data for 23 rows.
2025-11-11 18:33:31,097      INFO      pipeline.utils.staging                  mini_game_dolls done.
2025-11-11 18:33:31,097      INFO      pipeline.utils.staging                  Running currency_define_permanent...
2025-11-11 18:33:31,103      INFO      pipeline.utils.feature_engineering      Extracted permanent shop item data for 42 rows.
2025-11-11 18:33:31,103      INFO      pipeline.utils.staging                  currency_define_permanent done.
2025-11-11 18:33:31,103      INFO      pipeline.utils.staging                  Running currency_define_consumable...
2025-11-11 18:33:31,110      INFO      pipeline.utils.feature_engineering      Extracted consumable shop item data for 209 rows.
2025-11-11 18:33:31,110      INFO      pipeline.utils.staging                  currency_define_consumable done.
2025-11-11 18:33:31,111      INFO      pipeline.utils.staging                  Running currency_define_board...
2025-11-11 18:33:31,114      INFO      pipeline.utils.feature_engineering      Extracted board item data for 83 rows.
2025-11-11 18:33:31,114      INFO      pipeline.utils.staging                  currency_define_board done.
2025-11-11 18:33:31,114      INFO      pipeline.utils.staging                  Running currency_define_keys...
2025-11-11 18:33:31,116      INFO      pipeline.utils.feature_engineering      Defined keys in spent_to for 6 rows.
2025-11-11 18:33:31,116      INFO      pipeline.utils.staging                  currency_define_keys done.
2025-11-11 18:33:31,116      INFO      pipeline.utils.staging                  Running apply_value_maps...
2025-11-11 18:33:31,172      WARNING   pipeline.utils.cleaning_functions       'event_params__ad_shown_where' not found in DataFrame.
2025-11-11 18:33:31,187      INFO      pipeline.utils.staging                  apply_value_maps done.
2025-11-11 18:33:31,188      INFO      pipeline.utils.staging                  Running question_addressable_index...
2025-11-11 18:33:31,206      INFO      pipeline.utils.feature_engineering      Question address created for 18493 rows.
2025-11-11 18:33:31,207      INFO      pipeline.utils.staging                  question_addressable_index done.
2025-11-11 18:33:31,207      INFO      pipeline.utils.staging                  Running question_answer_wrong_zeros...
2025-11-11 18:33:31,209      INFO      pipeline.utils.feature_engineering      Filled NaN values in 'event_params__answered_wrong' with 0 for 'Question Completed' events.
2025-11-11 18:33:31,209      INFO      pipeline.utils.staging                  question_answer_wrong_zeros done.
2025-11-11 18:33:31,209      INFO      __main__                                Data pipeline executed successfully.
2025-11-11 18:33:31,209      INFO      __main__                                Generating dataframes...
2025-11-11 18:33:31,814      INFO      pipeline.utils.split_functions          Session-level dataframe created with 369 records and 24 columns.
2025-11-11 18:33:31,864      INFO      pipeline.utils.split_functions          User-level dataframe created with 71 records and 14 columns.
2025-11-11 18:35:01,484      INFO      __main__                                Starting pipeline...
2025-11-11 18:35:01,484      INFO      __main__                                Validating folder structure...
2025-11-11 18:35:01,485      INFO      pipeline.utils.main_functions           Folder structure validated.
2025-11-11 18:35:01,485      INFO      __main__                                Setting configuration parameters...
2025-11-11 18:35:01,485      INFO      __main__                                Initializing BigQuery client...
2025-11-11 18:35:01,531      INFO      __main__                                BigQuery client initialized.
2025-11-11 18:35:01,533      INFO      __main__                                Starting data pull...
2025-11-11 18:35:01,547      INFO      pipeline.utils.staging                  Running pull_from_bq...
2025-11-11 18:35:03,311      INFO      pipeline.utils.pull_functions           No new tables to process.
2025-11-11 18:35:03,311      INFO      pipeline.utils.pull_functions           Merging data...
2025-11-11 18:35:04,411      INFO      pipeline.utils.staging                  pull_from_bq done.
2025-11-11 18:35:04,411      INFO      pipeline.utils.staging                  Running flatten_dataframe...
2025-11-11 18:35:07,582      INFO      pipeline.utils.staging                  flatten_dataframe done.
2025-11-11 18:35:07,582      INFO      pipeline.utils.staging                  Running dots_to_underscores...
2025-11-11 18:35:07,583      INFO      pipeline.utils.cleaning_functions       Column names updated to use '__' instead of '.' successfully.
2025-11-11 18:35:07,583      INFO      pipeline.utils.staging                  dots_to_underscores done.
2025-11-11 18:35:07,584      INFO      pipeline.utils.staging                  Running transform_datetime_fields...
2025-11-11 18:35:07,639      INFO      pipeline.utils.time_and_date_functions  Date/time cleanup and transformation complete.
2025-11-11 18:35:07,643      INFO      pipeline.utils.staging                  transform_datetime_fields done.
2025-11-11 18:35:07,643      INFO      pipeline.utils.staging                  Running add_time_based_features...
2025-11-11 18:35:07,667      INFO      pipeline.utils.time_and_date_functions  Time-based features added successfully.
2025-11-11 18:35:07,668      INFO      pipeline.utils.staging                  add_time_based_features done.
2025-11-11 18:35:07,668      INFO      pipeline.utils.staging                  Running add_durations...
2025-11-11 18:35:08,236      INFO      pipeline.utils.time_and_date_functions  Session IDs assigned and durations calculated for 368 unique sessions.
2025-11-11 18:35:08,264      INFO      pipeline.utils.time_and_date_functions  Event durations within sessions calculated successfully.
2025-11-11 18:35:08,269      INFO      pipeline.utils.staging                  add_durations done.
2025-11-11 18:35:08,269      INFO      pipeline.utils.staging                  Running forward_fill_progress...
2025-11-11 18:35:08,316      INFO      pipeline.utils.feature_engineering      Character names, tiers, and question indices forward-filled for 368 unique sessions.
2025-11-11 18:35:08,324      INFO      pipeline.utils.staging                  forward_fill_progress done.
2025-11-11 18:35:08,324      INFO      pipeline.utils.staging                  Running question_index_cleanup...
2025-11-11 18:35:08,352      INFO      pipeline.utils.cleaning_functions       Question index cleaned up for 18493 rows.
2025-11-11 18:35:08,352      INFO      pipeline.utils.staging                  question_index_cleanup done.
2025-11-11 18:35:08,353      INFO      pipeline.utils.staging                  Running question_cumulative_qi...
2025-11-11 18:35:08,370      INFO      pipeline.utils.feature_engineering      Cumulative question index calculated for 18493 rows.
2025-11-11 18:35:08,371      INFO      pipeline.utils.staging                  question_cumulative_qi done.
2025-11-11 18:35:08,371      INFO      pipeline.utils.staging                  Running mini_game_features...
2025-11-11 18:35:08,379      INFO      pipeline.utils.feature_engineering      Extracted maze hand data for 73 rows.
2025-11-11 18:35:08,380      INFO      pipeline.utils.staging                  mini_game_features done.
2025-11-11 18:35:08,380      INFO      pipeline.utils.staging                  Running mini_game_reward_split...
2025-11-11 18:35:08,390      INFO      pipeline.utils.feature_engineering      Extracted buff data for 76 rows.
2025-11-11 18:35:08,390      INFO      pipeline.utils.staging                  mini_game_reward_split done.
2025-11-11 18:35:08,390      INFO      pipeline.utils.staging                  Running mini_game_buffs...
2025-11-11 18:35:08,395      INFO      pipeline.utils.feature_engineering      Extracted earned buff data for 77 rows.
2025-11-11 18:35:08,395      INFO      pipeline.utils.staging                  mini_game_buffs done.
2025-11-11 18:35:08,395      INFO      pipeline.utils.staging                  Running mini_game_dolls...
2025-11-11 18:35:08,401      INFO      pipeline.utils.feature_engineering      Extracted doll data for 23 rows.
2025-11-11 18:35:08,402      INFO      pipeline.utils.staging                  mini_game_dolls done.
2025-11-11 18:35:08,402      INFO      pipeline.utils.staging                  Running currency_define_permanent...
2025-11-11 18:35:08,408      INFO      pipeline.utils.feature_engineering      Extracted permanent shop item data for 42 rows.
2025-11-11 18:35:08,408      INFO      pipeline.utils.staging                  currency_define_permanent done.
2025-11-11 18:35:08,408      INFO      pipeline.utils.staging                  Running currency_define_consumable...
2025-11-11 18:35:08,415      INFO      pipeline.utils.feature_engineering      Extracted consumable shop item data for 209 rows.
2025-11-11 18:35:08,415      INFO      pipeline.utils.staging                  currency_define_consumable done.
2025-11-11 18:35:08,415      INFO      pipeline.utils.staging                  Running currency_define_board...
2025-11-11 18:35:08,418      INFO      pipeline.utils.feature_engineering      Extracted board item data for 83 rows.
2025-11-11 18:35:08,419      INFO      pipeline.utils.staging                  currency_define_board done.
2025-11-11 18:35:08,419      INFO      pipeline.utils.staging                  Running currency_define_keys...
2025-11-11 18:35:08,421      INFO      pipeline.utils.feature_engineering      Defined keys in spent_to for 6 rows.
2025-11-11 18:35:08,421      INFO      pipeline.utils.staging                  currency_define_keys done.
2025-11-11 18:35:08,421      INFO      pipeline.utils.staging                  Running apply_value_maps...
2025-11-11 18:35:08,481      WARNING   pipeline.utils.cleaning_functions       'event_params__ad_shown_where' not found in DataFrame.
2025-11-11 18:35:08,496      INFO      pipeline.utils.staging                  apply_value_maps done.
2025-11-11 18:35:08,496      INFO      pipeline.utils.staging                  Running question_addressable_index...
2025-11-11 18:35:08,514      INFO      pipeline.utils.feature_engineering      Question address created for 18493 rows.
2025-11-11 18:35:08,515      INFO      pipeline.utils.staging                  question_addressable_index done.
2025-11-11 18:35:08,515      INFO      pipeline.utils.staging                  Running question_answer_wrong_zeros...
2025-11-11 18:35:08,517      INFO      pipeline.utils.feature_engineering      Filled NaN values in 'event_params__answered_wrong' with 0 for 'Question Completed' events.
2025-11-11 18:35:08,517      INFO      pipeline.utils.staging                  question_answer_wrong_zeros done.
2025-11-11 18:35:08,517      INFO      __main__                                Data pipeline executed successfully.
2025-11-11 18:35:08,518      INFO      __main__                                Generating dataframes...
2025-11-11 18:35:09,125      INFO      pipeline.utils.split_functions          Session-level dataframe created with 369 records and 24 columns.
2025-11-11 18:35:09,177      INFO      pipeline.utils.split_functions          User-level dataframe created with 71 records and 14 columns.
2025-11-11 18:35:09,199      INFO      pipeline.utils.split_functions          Question-level dataframe created with 3545 records and 12 columns.
2025-11-11 18:35:09,220      INFO      pipeline.utils.split_functions          Ad-level dataframe created with 1 records and 6 columns.
2025-11-11 18:35:09,327      INFO      pipeline.utils.split_functions          Date-level dataframe created with 46 records and 12 columns.
2025-11-11 18:37:39,420      INFO      __main__                                Starting pipeline...
2025-11-11 18:37:39,421      INFO      __main__                                Validating folder structure...
2025-11-11 18:37:39,421      INFO      pipeline.utils.main_functions           Folder structure validated.
2025-11-11 18:37:39,421      INFO      __main__                                Setting configuration parameters...
2025-11-11 18:37:39,421      INFO      __main__                                Initializing BigQuery client...
2025-11-11 18:37:39,468      INFO      __main__                                BigQuery client initialized.
2025-11-11 18:37:39,470      INFO      __main__                                Starting data pull...
2025-11-11 18:37:39,535      INFO      pipeline.utils.staging                  Running pull_from_bq...
2025-11-11 18:37:41,258      INFO      pipeline.utils.pull_functions           No new tables to process.
2025-11-11 18:37:41,259      INFO      pipeline.utils.pull_functions           Merging data...
2025-11-11 18:37:42,405      INFO      pipeline.utils.staging                  pull_from_bq done.
2025-11-11 18:37:42,406      INFO      pipeline.utils.staging                  Running flatten_dataframe...
2025-11-11 18:37:45,573      INFO      pipeline.utils.staging                  flatten_dataframe done.
2025-11-11 18:37:45,573      INFO      pipeline.utils.staging                  Running dots_to_underscores...
2025-11-11 18:37:45,574      INFO      pipeline.utils.cleaning_functions       Column names updated to use '__' instead of '.' successfully.
2025-11-11 18:37:45,574      INFO      pipeline.utils.staging                  dots_to_underscores done.
2025-11-11 18:37:45,574      INFO      pipeline.utils.staging                  Running transform_datetime_fields...
2025-11-11 18:37:45,634      INFO      pipeline.utils.time_and_date_functions  Date/time cleanup and transformation complete.
2025-11-11 18:37:45,638      INFO      pipeline.utils.staging                  transform_datetime_fields done.
2025-11-11 18:37:45,638      INFO      pipeline.utils.staging                  Running add_time_based_features...
2025-11-11 18:37:45,661      INFO      pipeline.utils.time_and_date_functions  Time-based features added successfully.
2025-11-11 18:37:45,661      INFO      pipeline.utils.staging                  add_time_based_features done.
2025-11-11 18:37:45,662      INFO      pipeline.utils.staging                  Running add_durations...
2025-11-11 18:37:46,235      INFO      pipeline.utils.time_and_date_functions  Session IDs assigned and durations calculated for 368 unique sessions.
2025-11-11 18:37:46,262      INFO      pipeline.utils.time_and_date_functions  Event durations within sessions calculated successfully.
2025-11-11 18:37:46,266      INFO      pipeline.utils.staging                  add_durations done.
2025-11-11 18:37:46,266      INFO      pipeline.utils.staging                  Running forward_fill_progress...
2025-11-11 18:37:46,314      INFO      pipeline.utils.feature_engineering      Character names, tiers, and question indices forward-filled for 368 unique sessions.
2025-11-11 18:37:46,319      INFO      pipeline.utils.staging                  forward_fill_progress done.
2025-11-11 18:37:46,319      INFO      pipeline.utils.staging                  Running question_index_cleanup...
2025-11-11 18:37:46,347      INFO      pipeline.utils.cleaning_functions       Question index cleaned up for 18493 rows.
2025-11-11 18:37:46,347      INFO      pipeline.utils.staging                  question_index_cleanup done.
2025-11-11 18:37:46,347      INFO      pipeline.utils.staging                  Running question_cumulative_qi...
2025-11-11 18:37:46,363      INFO      pipeline.utils.feature_engineering      Cumulative question index calculated for 18493 rows.
2025-11-11 18:37:46,364      INFO      pipeline.utils.staging                  question_cumulative_qi done.
2025-11-11 18:37:46,364      INFO      pipeline.utils.staging                  Running mini_game_features...
2025-11-11 18:37:46,373      INFO      pipeline.utils.feature_engineering      Extracted maze hand data for 73 rows.
2025-11-11 18:37:46,373      INFO      pipeline.utils.staging                  mini_game_features done.
2025-11-11 18:37:46,373      INFO      pipeline.utils.staging                  Running mini_game_reward_split...
2025-11-11 18:37:46,384      INFO      pipeline.utils.feature_engineering      Extracted buff data for 76 rows.
2025-11-11 18:37:46,385      INFO      pipeline.utils.staging                  mini_game_reward_split done.
2025-11-11 18:37:46,385      INFO      pipeline.utils.staging                  Running mini_game_buffs...
2025-11-11 18:37:46,390      INFO      pipeline.utils.feature_engineering      Extracted earned buff data for 77 rows.
2025-11-11 18:37:46,390      INFO      pipeline.utils.staging                  mini_game_buffs done.
2025-11-11 18:37:46,390      INFO      pipeline.utils.staging                  Running mini_game_dolls...
2025-11-11 18:37:46,396      INFO      pipeline.utils.feature_engineering      Extracted doll data for 23 rows.
2025-11-11 18:37:46,396      INFO      pipeline.utils.staging                  mini_game_dolls done.
2025-11-11 18:37:46,396      INFO      pipeline.utils.staging                  Running currency_define_permanent...
2025-11-11 18:37:46,403      INFO      pipeline.utils.feature_engineering      Extracted permanent shop item data for 42 rows.
2025-11-11 18:37:46,403      INFO      pipeline.utils.staging                  currency_define_permanent done.
2025-11-11 18:37:46,403      INFO      pipeline.utils.staging                  Running currency_define_consumable...
2025-11-11 18:37:46,410      INFO      pipeline.utils.feature_engineering      Extracted consumable shop item data for 209 rows.
2025-11-11 18:37:46,410      INFO      pipeline.utils.staging                  currency_define_consumable done.
2025-11-11 18:37:46,410      INFO      pipeline.utils.staging                  Running currency_define_board...
2025-11-11 18:37:46,414      INFO      pipeline.utils.feature_engineering      Extracted board item data for 83 rows.
2025-11-11 18:37:46,415      INFO      pipeline.utils.staging                  currency_define_board done.
2025-11-11 18:37:46,415      INFO      pipeline.utils.staging                  Running currency_define_keys...
2025-11-11 18:37:46,417      INFO      pipeline.utils.feature_engineering      Defined keys in spent_to for 6 rows.
2025-11-11 18:37:46,418      INFO      pipeline.utils.staging                  currency_define_keys done.
2025-11-11 18:37:46,418      INFO      pipeline.utils.staging                  Running apply_value_maps...
2025-11-11 18:37:46,475      WARNING   pipeline.utils.cleaning_functions       'event_params__ad_shown_where' not found in DataFrame.
2025-11-11 18:37:46,490      INFO      pipeline.utils.staging                  apply_value_maps done.
2025-11-11 18:37:46,490      INFO      pipeline.utils.staging                  Running question_addressable_index...
2025-11-11 18:37:46,508      INFO      pipeline.utils.feature_engineering      Question address created for 18493 rows.
2025-11-11 18:37:46,509      INFO      pipeline.utils.staging                  question_addressable_index done.
2025-11-11 18:37:46,509      INFO      pipeline.utils.staging                  Running question_answer_wrong_zeros...
2025-11-11 18:37:46,511      INFO      pipeline.utils.feature_engineering      Filled NaN values in 'event_params__answered_wrong' with 0 for 'Question Completed' events.
2025-11-11 18:37:46,511      INFO      pipeline.utils.staging                  question_answer_wrong_zeros done.
2025-11-11 18:37:46,511      INFO      __main__                                Data pipeline executed successfully.
2025-11-11 18:37:46,511      INFO      __main__                                Generating dataframes...
2025-11-11 18:37:47,118      INFO      pipeline.utils.split_functions          Session-level dataframe created with 369 records and 24 columns.
2025-11-11 18:37:47,168      INFO      pipeline.utils.split_functions          User-level dataframe created with 71 records and 14 columns.
2025-11-11 18:37:47,191      INFO      pipeline.utils.split_functions          Question-level dataframe created with 3545 records and 12 columns.
2025-11-11 18:37:47,200      INFO      pipeline.utils.split_functions          Ad-level dataframe created with 1 records and 6 columns.
2025-11-11 18:37:47,245      INFO      pipeline.utils.split_functions          Date-level dataframe created with 46 records and 12 columns.
2025-11-11 18:37:47,282      INFO      pipeline.utils.split_functions          Technical events dataframe created with 39 records and 155 columns.
2025-11-11 18:37:47,289      INFO      pipeline.utils.dataframes               All split dataframes successfully created.
2025-11-11 18:37:47,289      INFO      __main__                                Dataframes generated successfully.
2025-11-11 18:37:47,289      INFO      __main__                                Calculating KPIs...
2025-11-11 18:41:01,862      INFO      __main__                                Starting pipeline...
2025-11-11 18:41:01,862      INFO      __main__                                Validating folder structure...
2025-11-11 18:41:01,863      INFO      pipeline.utils.main_functions           Folder structure validated.
2025-11-11 18:41:01,863      INFO      __main__                                Setting configuration parameters...
2025-11-11 18:41:01,863      INFO      __main__                                Initializing BigQuery client...
2025-11-11 18:41:01,909      INFO      __main__                                BigQuery client initialized.
2025-11-11 18:41:01,910      INFO      __main__                                Starting data pull...
2025-11-11 18:41:01,933      INFO      pipeline.utils.staging                  Running pull_from_bq...
2025-11-11 18:41:03,510      INFO      pipeline.utils.pull_functions           No new tables to process.
2025-11-11 18:41:03,510      INFO      pipeline.utils.pull_functions           Merging data...
2025-11-11 18:41:04,626      INFO      pipeline.utils.staging                  pull_from_bq done.
2025-11-11 18:41:04,627      INFO      pipeline.utils.staging                  Running flatten_dataframe...
2025-11-11 18:41:07,805      INFO      pipeline.utils.staging                  flatten_dataframe done.
2025-11-11 18:41:07,805      INFO      pipeline.utils.staging                  Running dots_to_underscores...
2025-11-11 18:41:07,806      INFO      pipeline.utils.cleaning_functions       Column names updated to use '__' instead of '.' successfully.
2025-11-11 18:41:07,806      INFO      pipeline.utils.staging                  dots_to_underscores done.
2025-11-11 18:41:07,806      INFO      pipeline.utils.staging                  Running transform_datetime_fields...
2025-11-11 18:41:07,861      INFO      pipeline.utils.time_and_date_functions  Date/time cleanup and transformation complete.
2025-11-11 18:41:07,866      INFO      pipeline.utils.staging                  transform_datetime_fields done.
2025-11-11 18:41:07,866      INFO      pipeline.utils.staging                  Running add_time_based_features...
2025-11-11 18:41:07,890      INFO      pipeline.utils.time_and_date_functions  Time-based features added successfully.
2025-11-11 18:41:07,890      INFO      pipeline.utils.staging                  add_time_based_features done.
2025-11-11 18:41:07,891      INFO      pipeline.utils.staging                  Running add_durations...
2025-11-11 18:41:08,463      INFO      pipeline.utils.time_and_date_functions  Session IDs assigned and durations calculated for 368 unique sessions.
2025-11-11 18:41:08,490      INFO      pipeline.utils.time_and_date_functions  Event durations within sessions calculated successfully.
2025-11-11 18:41:08,494      INFO      pipeline.utils.staging                  add_durations done.
2025-11-11 18:41:08,495      INFO      pipeline.utils.staging                  Running forward_fill_progress...
2025-11-11 18:41:08,542      INFO      pipeline.utils.feature_engineering      Character names, tiers, and question indices forward-filled for 368 unique sessions.
2025-11-11 18:41:08,547      INFO      pipeline.utils.staging                  forward_fill_progress done.
2025-11-11 18:41:08,547      INFO      pipeline.utils.staging                  Running question_index_cleanup...
2025-11-11 18:41:08,577      INFO      pipeline.utils.cleaning_functions       Question index cleaned up for 18493 rows.
2025-11-11 18:41:08,577      INFO      pipeline.utils.staging                  question_index_cleanup done.
2025-11-11 18:41:08,578      INFO      pipeline.utils.staging                  Running question_cumulative_qi...
2025-11-11 18:41:08,594      INFO      pipeline.utils.feature_engineering      Cumulative question index calculated for 18493 rows.
2025-11-11 18:41:08,594      INFO      pipeline.utils.staging                  question_cumulative_qi done.
2025-11-11 18:41:08,594      INFO      pipeline.utils.staging                  Running mini_game_features...
2025-11-11 18:41:08,603      INFO      pipeline.utils.feature_engineering      Extracted maze hand data for 73 rows.
2025-11-11 18:41:08,603      INFO      pipeline.utils.staging                  mini_game_features done.
2025-11-11 18:41:08,603      INFO      pipeline.utils.staging                  Running mini_game_reward_split...
2025-11-11 18:41:08,613      INFO      pipeline.utils.feature_engineering      Extracted buff data for 76 rows.
2025-11-11 18:41:08,613      INFO      pipeline.utils.staging                  mini_game_reward_split done.
2025-11-11 18:41:08,613      INFO      pipeline.utils.staging                  Running mini_game_buffs...
2025-11-11 18:41:08,619      INFO      pipeline.utils.feature_engineering      Extracted earned buff data for 77 rows.
2025-11-11 18:41:08,619      INFO      pipeline.utils.staging                  mini_game_buffs done.
2025-11-11 18:41:08,619      INFO      pipeline.utils.staging                  Running mini_game_dolls...
2025-11-11 18:41:08,634      INFO      pipeline.utils.feature_engineering      Extracted doll data for 23 rows.
2025-11-11 18:41:08,634      INFO      pipeline.utils.staging                  mini_game_dolls done.
2025-11-11 18:41:08,634      INFO      pipeline.utils.staging                  Running currency_define_permanent...
2025-11-11 18:41:08,640      INFO      pipeline.utils.feature_engineering      Extracted permanent shop item data for 42 rows.
2025-11-11 18:41:08,640      INFO      pipeline.utils.staging                  currency_define_permanent done.
2025-11-11 18:41:08,640      INFO      pipeline.utils.staging                  Running currency_define_consumable...
2025-11-11 18:41:08,646      INFO      pipeline.utils.feature_engineering      Extracted consumable shop item data for 209 rows.
2025-11-11 18:41:08,647      INFO      pipeline.utils.staging                  currency_define_consumable done.
2025-11-11 18:41:08,647      INFO      pipeline.utils.staging                  Running currency_define_board...
2025-11-11 18:41:08,652      INFO      pipeline.utils.feature_engineering      Extracted board item data for 83 rows.
2025-11-11 18:41:08,652      INFO      pipeline.utils.staging                  currency_define_board done.
2025-11-11 18:41:08,652      INFO      pipeline.utils.staging                  Running currency_define_keys...
2025-11-11 18:41:08,654      INFO      pipeline.utils.feature_engineering      Defined keys in spent_to for 6 rows.
2025-11-11 18:41:08,654      INFO      pipeline.utils.staging                  currency_define_keys done.
2025-11-11 18:41:08,654      INFO      pipeline.utils.staging                  Running apply_value_maps...
2025-11-11 18:41:08,711      WARNING   pipeline.utils.cleaning_functions       'event_params__ad_shown_where' not found in DataFrame.
2025-11-11 18:41:08,726      INFO      pipeline.utils.staging                  apply_value_maps done.
2025-11-11 18:41:08,726      INFO      pipeline.utils.staging                  Running question_addressable_index...
2025-11-11 18:41:08,745      INFO      pipeline.utils.feature_engineering      Question address created for 18493 rows.
2025-11-11 18:41:08,745      INFO      pipeline.utils.staging                  question_addressable_index done.
2025-11-11 18:41:08,745      INFO      pipeline.utils.staging                  Running question_answer_wrong_zeros...
2025-11-11 18:41:08,747      INFO      pipeline.utils.feature_engineering      Filled NaN values in 'event_params__answered_wrong' with 0 for 'Question Completed' events.
2025-11-11 18:41:08,747      INFO      pipeline.utils.staging                  question_answer_wrong_zeros done.
2025-11-11 18:41:08,748      INFO      __main__                                Data pipeline executed successfully.
2025-11-11 18:41:08,748      INFO      __main__                                Generating dataframes...
2025-11-11 18:41:09,359      INFO      pipeline.utils.split_functions          Session-level dataframe created with 369 records and 24 columns.
2025-11-11 18:41:09,410      INFO      pipeline.utils.split_functions          User-level dataframe created with 71 records and 14 columns.
2025-11-11 18:41:09,434      INFO      pipeline.utils.split_functions          Question-level dataframe created with 3545 records and 12 columns.
2025-11-11 18:41:09,442      INFO      pipeline.utils.split_functions          Ad-level dataframe created with 1 records and 6 columns.
2025-11-11 18:41:09,486      INFO      pipeline.utils.split_functions          Date-level dataframe created with 46 records and 12 columns.
2025-11-11 18:41:09,523      INFO      pipeline.utils.split_functions          Technical events dataframe created with 39 records and 155 columns.
2025-11-11 18:41:09,529      INFO      pipeline.utils.dataframes               All split dataframes successfully created.
2025-11-11 18:41:09,530      INFO      __main__                                Dataframes generated successfully.
2025-11-11 18:41:09,530      INFO      __main__                                Calculating KPIs...
2025-11-11 18:41:51,729      INFO      __main__                                Starting pipeline...
2025-11-11 18:41:51,730      INFO      __main__                                Validating folder structure...
2025-11-11 18:41:51,730      INFO      pipeline.utils.main_functions           Folder structure validated.
2025-11-11 18:41:51,730      INFO      __main__                                Setting configuration parameters...
2025-11-11 18:41:51,730      INFO      __main__                                Initializing BigQuery client...
2025-11-11 18:41:51,776      INFO      __main__                                BigQuery client initialized.
2025-11-11 18:41:51,777      INFO      __main__                                Starting data pull...
2025-11-11 18:41:51,791      INFO      pipeline.utils.staging                  Running pull_from_bq...
2025-11-11 18:41:53,600      INFO      pipeline.utils.pull_functions           No new tables to process.
2025-11-11 18:41:53,600      INFO      pipeline.utils.pull_functions           Merging data...
2025-11-11 18:41:54,727      INFO      pipeline.utils.staging                  pull_from_bq done.
2025-11-11 18:41:54,727      INFO      pipeline.utils.staging                  Running flatten_dataframe...
2025-11-11 18:41:57,919      INFO      pipeline.utils.staging                  flatten_dataframe done.
2025-11-11 18:41:57,919      INFO      pipeline.utils.staging                  Running dots_to_underscores...
2025-11-11 18:41:57,920      INFO      pipeline.utils.cleaning_functions       Column names updated to use '__' instead of '.' successfully.
2025-11-11 18:41:57,920      INFO      pipeline.utils.staging                  dots_to_underscores done.
2025-11-11 18:41:57,920      INFO      pipeline.utils.staging                  Running transform_datetime_fields...
2025-11-11 18:41:57,975      INFO      pipeline.utils.time_and_date_functions  Date/time cleanup and transformation complete.
2025-11-11 18:41:57,979      INFO      pipeline.utils.staging                  transform_datetime_fields done.
2025-11-11 18:41:57,979      INFO      pipeline.utils.staging                  Running add_time_based_features...
2025-11-11 18:41:58,010      INFO      pipeline.utils.time_and_date_functions  Time-based features added successfully.
2025-11-11 18:41:58,011      INFO      pipeline.utils.staging                  add_time_based_features done.
2025-11-11 18:41:58,011      INFO      pipeline.utils.staging                  Running add_durations...
2025-11-11 18:41:58,580      INFO      pipeline.utils.time_and_date_functions  Session IDs assigned and durations calculated for 368 unique sessions.
2025-11-11 18:41:58,608      INFO      pipeline.utils.time_and_date_functions  Event durations within sessions calculated successfully.
2025-11-11 18:41:58,613      INFO      pipeline.utils.staging                  add_durations done.
2025-11-11 18:41:58,613      INFO      pipeline.utils.staging                  Running forward_fill_progress...
2025-11-11 18:41:58,662      INFO      pipeline.utils.feature_engineering      Character names, tiers, and question indices forward-filled for 368 unique sessions.
2025-11-11 18:41:58,666      INFO      pipeline.utils.staging                  forward_fill_progress done.
2025-11-11 18:41:58,666      INFO      pipeline.utils.staging                  Running question_index_cleanup...
2025-11-11 18:41:58,695      INFO      pipeline.utils.cleaning_functions       Question index cleaned up for 18493 rows.
2025-11-11 18:41:58,695      INFO      pipeline.utils.staging                  question_index_cleanup done.
2025-11-11 18:41:58,695      INFO      pipeline.utils.staging                  Running question_cumulative_qi...
2025-11-11 18:41:58,711      INFO      pipeline.utils.feature_engineering      Cumulative question index calculated for 18493 rows.
2025-11-11 18:41:58,712      INFO      pipeline.utils.staging                  question_cumulative_qi done.
2025-11-11 18:41:58,712      INFO      pipeline.utils.staging                  Running mini_game_features...
2025-11-11 18:41:58,720      INFO      pipeline.utils.feature_engineering      Extracted maze hand data for 73 rows.
2025-11-11 18:41:58,720      INFO      pipeline.utils.staging                  mini_game_features done.
2025-11-11 18:41:58,720      INFO      pipeline.utils.staging                  Running mini_game_reward_split...
2025-11-11 18:41:58,730      INFO      pipeline.utils.feature_engineering      Extracted buff data for 76 rows.
2025-11-11 18:41:58,730      INFO      pipeline.utils.staging                  mini_game_reward_split done.
2025-11-11 18:41:58,731      INFO      pipeline.utils.staging                  Running mini_game_buffs...
2025-11-11 18:41:58,736      INFO      pipeline.utils.feature_engineering      Extracted earned buff data for 77 rows.
2025-11-11 18:41:58,736      INFO      pipeline.utils.staging                  mini_game_buffs done.
2025-11-11 18:41:58,736      INFO      pipeline.utils.staging                  Running mini_game_dolls...
2025-11-11 18:41:58,743      INFO      pipeline.utils.feature_engineering      Extracted doll data for 23 rows.
2025-11-11 18:41:58,743      INFO      pipeline.utils.staging                  mini_game_dolls done.
2025-11-11 18:41:58,743      INFO      pipeline.utils.staging                  Running currency_define_permanent...
2025-11-11 18:41:58,749      INFO      pipeline.utils.feature_engineering      Extracted permanent shop item data for 42 rows.
2025-11-11 18:41:58,749      INFO      pipeline.utils.staging                  currency_define_permanent done.
2025-11-11 18:41:58,749      INFO      pipeline.utils.staging                  Running currency_define_consumable...
2025-11-11 18:41:58,756      INFO      pipeline.utils.feature_engineering      Extracted consumable shop item data for 209 rows.
2025-11-11 18:41:58,757      INFO      pipeline.utils.staging                  currency_define_consumable done.
2025-11-11 18:41:58,757      INFO      pipeline.utils.staging                  Running currency_define_board...
2025-11-11 18:41:58,761      INFO      pipeline.utils.feature_engineering      Extracted board item data for 83 rows.
2025-11-11 18:41:58,761      INFO      pipeline.utils.staging                  currency_define_board done.
2025-11-11 18:41:58,761      INFO      pipeline.utils.staging                  Running currency_define_keys...
2025-11-11 18:41:58,763      INFO      pipeline.utils.feature_engineering      Defined keys in spent_to for 6 rows.
2025-11-11 18:41:58,763      INFO      pipeline.utils.staging                  currency_define_keys done.
2025-11-11 18:41:58,763      INFO      pipeline.utils.staging                  Running apply_value_maps...
2025-11-11 18:41:58,820      WARNING   pipeline.utils.cleaning_functions       'event_params__ad_shown_where' not found in DataFrame.
2025-11-11 18:41:58,835      INFO      pipeline.utils.staging                  apply_value_maps done.
2025-11-11 18:41:58,835      INFO      pipeline.utils.staging                  Running question_addressable_index...
2025-11-11 18:41:58,854      INFO      pipeline.utils.feature_engineering      Question address created for 18493 rows.
2025-11-11 18:41:58,854      INFO      pipeline.utils.staging                  question_addressable_index done.
2025-11-11 18:41:58,854      INFO      pipeline.utils.staging                  Running question_answer_wrong_zeros...
2025-11-11 18:41:58,856      INFO      pipeline.utils.feature_engineering      Filled NaN values in 'event_params__answered_wrong' with 0 for 'Question Completed' events.
2025-11-11 18:41:58,857      INFO      pipeline.utils.staging                  question_answer_wrong_zeros done.
2025-11-11 18:41:58,857      INFO      __main__                                Data pipeline executed successfully.
2025-11-11 18:41:58,857      INFO      __main__                                Generating dataframes...
2025-11-11 18:41:59,468      INFO      pipeline.utils.split_functions          Session-level dataframe created with 369 records and 24 columns.
2025-11-11 18:41:59,517      INFO      pipeline.utils.split_functions          User-level dataframe created with 71 records and 14 columns.
2025-11-11 18:41:59,541      INFO      pipeline.utils.split_functions          Question-level dataframe created with 3545 records and 12 columns.
2025-11-11 18:41:59,549      INFO      pipeline.utils.split_functions          Ad-level dataframe created with 1 records and 6 columns.
2025-11-11 18:41:59,594      INFO      pipeline.utils.split_functions          Date-level dataframe created with 46 records and 12 columns.
2025-11-11 18:41:59,630      INFO      pipeline.utils.split_functions          Technical events dataframe created with 39 records and 155 columns.
2025-11-11 18:41:59,636      INFO      pipeline.utils.dataframes               All split dataframes successfully created.
2025-11-11 18:41:59,637      INFO      __main__                                Dataframes generated successfully.
2025-11-11 18:41:59,637      INFO      __main__                                Calculating KPIs...
2025-11-11 18:58:13,793      INFO      __main__                                Starting pipeline...
2025-11-11 18:58:13,793      INFO      __main__                                Validating folder structure...
2025-11-11 18:58:13,794      INFO      pipeline.utils.main_functions           Folder structure validated.
2025-11-11 18:58:13,794      INFO      __main__                                Setting configuration parameters...
2025-11-11 18:58:13,794      INFO      __main__                                Initializing BigQuery client...
2025-11-11 18:58:13,841      INFO      __main__                                BigQuery client initialized.
2025-11-11 18:58:13,844      INFO      __main__                                Starting data pull...
2025-11-11 18:58:13,859      INFO      pipeline.utils.staging                  Running pull_from_bq...
2025-11-11 18:58:15,467      INFO      pipeline.utils.pull_functions           No new tables to process.
2025-11-11 18:58:15,468      INFO      pipeline.utils.pull_functions           Merging data...
2025-11-11 18:58:16,622      INFO      pipeline.utils.staging                  pull_from_bq done.
2025-11-11 18:58:16,623      INFO      pipeline.utils.staging                  Running flatten_dataframe...
2025-11-11 18:58:19,826      INFO      pipeline.utils.staging                  flatten_dataframe done.
2025-11-11 18:58:19,826      INFO      pipeline.utils.staging                  Running dots_to_underscores...
2025-11-11 18:58:19,827      INFO      pipeline.utils.cleaning_functions       Column names updated to use '__' instead of '.' successfully.
2025-11-11 18:58:19,827      INFO      pipeline.utils.staging                  dots_to_underscores done.
2025-11-11 18:58:19,827      INFO      pipeline.utils.staging                  Running transform_datetime_fields...
2025-11-11 18:58:19,883      INFO      pipeline.utils.time_and_date_functions  Date/time cleanup and transformation complete.
2025-11-11 18:58:19,887      INFO      pipeline.utils.staging                  transform_datetime_fields done.
2025-11-11 18:58:19,887      INFO      pipeline.utils.staging                  Running add_time_based_features...
2025-11-11 18:58:19,911      INFO      pipeline.utils.time_and_date_functions  Time-based features added successfully.
2025-11-11 18:58:19,911      INFO      pipeline.utils.staging                  add_time_based_features done.
2025-11-11 18:58:19,911      INFO      pipeline.utils.staging                  Running add_durations...
2025-11-11 18:58:20,488      INFO      pipeline.utils.time_and_date_functions  Session IDs assigned and durations calculated for 368 unique sessions.
2025-11-11 18:58:20,515      INFO      pipeline.utils.time_and_date_functions  Event durations within sessions calculated successfully.
2025-11-11 18:58:20,520      INFO      pipeline.utils.staging                  add_durations done.
2025-11-11 18:58:20,520      INFO      pipeline.utils.staging                  Running forward_fill_progress...
2025-11-11 18:58:20,568      INFO      pipeline.utils.feature_engineering      Character names, tiers, and question indices forward-filled for 368 unique sessions.
2025-11-11 18:58:20,572      INFO      pipeline.utils.staging                  forward_fill_progress done.
2025-11-11 18:58:20,573      INFO      pipeline.utils.staging                  Running question_index_cleanup...
2025-11-11 18:58:20,600      INFO      pipeline.utils.cleaning_functions       Question index cleaned up for 18493 rows.
2025-11-11 18:58:20,600      INFO      pipeline.utils.staging                  question_index_cleanup done.
2025-11-11 18:58:20,600      INFO      pipeline.utils.staging                  Running question_cumulative_qi...
2025-11-11 18:58:20,616      INFO      pipeline.utils.feature_engineering      Cumulative question index calculated for 18493 rows.
2025-11-11 18:58:20,617      INFO      pipeline.utils.staging                  question_cumulative_qi done.
2025-11-11 18:58:20,617      INFO      pipeline.utils.staging                  Running mini_game_features...
2025-11-11 18:58:20,625      INFO      pipeline.utils.feature_engineering      Extracted maze hand data for 73 rows.
2025-11-11 18:58:20,625      INFO      pipeline.utils.staging                  mini_game_features done.
2025-11-11 18:58:20,626      INFO      pipeline.utils.staging                  Running mini_game_reward_split...
2025-11-11 18:58:20,635      INFO      pipeline.utils.feature_engineering      Extracted buff data for 76 rows.
2025-11-11 18:58:20,635      INFO      pipeline.utils.staging                  mini_game_reward_split done.
2025-11-11 18:58:20,635      INFO      pipeline.utils.staging                  Running mini_game_buffs...
2025-11-11 18:58:20,640      INFO      pipeline.utils.feature_engineering      Extracted earned buff data for 77 rows.
2025-11-11 18:58:20,641      INFO      pipeline.utils.staging                  mini_game_buffs done.
2025-11-11 18:58:20,641      INFO      pipeline.utils.staging                  Running mini_game_dolls...
2025-11-11 18:58:20,647      INFO      pipeline.utils.feature_engineering      Extracted doll data for 23 rows.
2025-11-11 18:58:20,647      INFO      pipeline.utils.staging                  mini_game_dolls done.
2025-11-11 18:58:20,648      INFO      pipeline.utils.staging                  Running currency_define_permanent...
2025-11-11 18:58:20,654      INFO      pipeline.utils.feature_engineering      Extracted permanent shop item data for 42 rows.
2025-11-11 18:58:20,654      INFO      pipeline.utils.staging                  currency_define_permanent done.
2025-11-11 18:58:20,654      INFO      pipeline.utils.staging                  Running currency_define_consumable...
2025-11-11 18:58:20,661      INFO      pipeline.utils.feature_engineering      Extracted consumable shop item data for 209 rows.
2025-11-11 18:58:20,661      INFO      pipeline.utils.staging                  currency_define_consumable done.
2025-11-11 18:58:20,661      INFO      pipeline.utils.staging                  Running currency_define_board...
2025-11-11 18:58:20,664      INFO      pipeline.utils.feature_engineering      Extracted board item data for 83 rows.
2025-11-11 18:58:20,665      INFO      pipeline.utils.staging                  currency_define_board done.
2025-11-11 18:58:20,665      INFO      pipeline.utils.staging                  Running currency_define_keys...
2025-11-11 18:58:20,667      INFO      pipeline.utils.feature_engineering      Defined keys in spent_to for 6 rows.
2025-11-11 18:58:20,667      INFO      pipeline.utils.staging                  currency_define_keys done.
2025-11-11 18:58:20,667      INFO      pipeline.utils.staging                  Running apply_value_maps...
2025-11-11 18:58:20,720      WARNING   pipeline.utils.cleaning_functions       'event_params__ad_shown_where' not found in DataFrame.
2025-11-11 18:58:20,735      INFO      pipeline.utils.staging                  apply_value_maps done.
2025-11-11 18:58:20,735      INFO      pipeline.utils.staging                  Running question_addressable_index...
2025-11-11 18:58:20,753      INFO      pipeline.utils.feature_engineering      Question address created for 18493 rows.
2025-11-11 18:58:20,754      INFO      pipeline.utils.staging                  question_addressable_index done.
2025-11-11 18:58:20,754      INFO      pipeline.utils.staging                  Running question_answer_wrong_zeros...
2025-11-11 18:58:20,756      INFO      pipeline.utils.feature_engineering      Filled NaN values in 'event_params__answered_wrong' with 0 for 'Question Completed' events.
2025-11-11 18:58:20,756      INFO      pipeline.utils.staging                  question_answer_wrong_zeros done.
2025-11-11 18:58:20,756      INFO      __main__                                Data pipeline executed successfully.
2025-11-11 18:58:20,756      INFO      __main__                                Generating dataframes...
2025-11-11 18:58:21,370      INFO      pipeline.utils.split_functions          Session-level dataframe created with 369 records and 24 columns.
2025-11-11 18:58:21,420      INFO      pipeline.utils.split_functions          User-level dataframe created with 71 records and 14 columns.
2025-11-11 18:58:21,443      INFO      pipeline.utils.split_functions          Question-level dataframe created with 3545 records and 12 columns.
2025-11-11 18:58:21,452      INFO      pipeline.utils.split_functions          Ad-level dataframe created with 1 records and 6 columns.
2025-11-11 18:58:21,496      INFO      pipeline.utils.split_functions          Date-level dataframe created with 46 records and 12 columns.
2025-11-11 18:58:21,533      INFO      pipeline.utils.split_functions          Technical events dataframe created with 39 records and 155 columns.
2025-11-11 18:58:21,539      INFO      pipeline.utils.dataframes               All split dataframes successfully created.
2025-11-11 18:58:21,539      INFO      __main__                                Dataframes generated successfully.
2025-11-11 18:58:21,539      INFO      __main__                                Calculating KPIs...
2025-11-11 18:58:23,621      INFO      __main__                                Data pipeline complete. Processed data saved.
